<?xml version="1.0" encoding="UTF-8"?><testsuite name="nosetests" tests="812" errors="0" failures="0" skip="30"><testcase classname="Tribler.Test.API.test_download.TestDownload" name="test_download_torrent_from_file" time="2.229"></testcase><testcase classname="Tribler.Test.API.test_download.TestDownload" name="test_download_torrent_from_magnet" time="0.001"><skipped type="unittest.case.SkipTest" message="Fetching a torrent from the external network is unreliable"><![CDATA[SkipTest: Fetching a torrent from the external network is unreliable
]]></skipped></testcase><testcase classname="Tribler.Test.API.test_download.TestDownload" name="test_download_torrent_from_url" time="2.226"></testcase><testcase classname="Tribler.Test.API.test_seeding.TestSeeding" name="test_seeding" time="4.227"></testcase><testcase classname="Tribler.Test.Community.Allchannel.test_allchannel_community.TestAllChannelCommunity" name="test_create_votecast" time="0.251"></testcase><testcase classname="Tribler.Test.Community.Allchannel.test_allchannel_community.TestAllChannelCommunity" name="test_unload_preview" time="0.229"></testcase><testcase classname="Tribler.Test.Community.Bartercast.test_bartercast4_community.TestBarterCommunity" name="test_local_stats" time="21.262"></testcase><testcase classname="Tribler.Test.Community.Bartercast.test_bartercast4_community.TestBarterCommunity" name="test_stats_messages" time="5.836"></testcase><testcase classname="Tribler.Test.Community.Bartercast.test_bartercast4_statistics.TestBarterStatistics" name="test_create_db" time="0.225"></testcase><testcase classname="Tribler.Test.Community.Bartercast.test_bartercast4_statistics.TestBarterStatistics" name="test_dict_inc_bartercast" time="0.225"></testcase><testcase classname="Tribler.Test.Community.Bartercast.test_bartercast4_statistics.TestBarterStatistics" name="test_get_top_n_bartercast_statistics" time="0.226"></testcase><testcase classname="Tribler.Test.Community.Bartercast.test_bartercast4_statistics.TestBarterStatistics" name="test_load_persist" time="0.243"></testcase><testcase classname="Tribler.Test.Community.Bartercast.test_bartercast4_statistics.TestBarterStatistics" name="test_log_interaction" time="0.238"></testcase><testcase classname="Tribler.Test.Community.Bartercast.test_bartercast4_statistics.TestBarterStatistics" name="test_should_persist" time="0.225"></testcase><testcase classname="Tribler.Test.Community.Multichain.test_multichain_community.TestMultiChainCommunity" name="test_block_values" time="2.622"></testcase><testcase classname="Tribler.Test.Community.Multichain.test_multichain_community.TestMultiChainCommunity" name="test_block_values_after_request" time="2.645"></testcase><testcase classname="Tribler.Test.Community.Multichain.test_multichain_community.TestMultiChainCommunity" name="test_crawl_batch" time="4.626"><system-out><![CDATA[Got another block, <Message.Implementation crawl_response>
Got another block, <Message.Implementation crawl_response>
Got another block, <Message.Implementation crawl_resume>
]]></system-out></testcase><testcase classname="Tribler.Test.Community.Multichain.test_multichain_community.TestMultiChainCommunity" name="test_crawler_no_block" time="3.210"></testcase><testcase classname="Tribler.Test.Community.Multichain.test_multichain_community.TestMultiChainCommunity" name="test_crawler_on_introduction_received" time="2.832"></testcase><testcase classname="Tribler.Test.Community.Multichain.test_multichain_community.TestMultiChainCommunity" name="test_get_next_total_no_block" time="2.621"></testcase><testcase classname="Tribler.Test.Community.Multichain.test_multichain_community.TestMultiChainCommunity" name="test_get_next_total_with_block" time="1.614"></testcase><testcase classname="Tribler.Test.Community.Multichain.test_multichain_community.TestMultiChainCommunity" name="test_get_statistics_no_blocks" time="1.645"></testcase><testcase classname="Tribler.Test.Community.Multichain.test_multichain_community.TestMultiChainCommunity" name="test_get_statistics_with_previous_block" time="2.810"></testcase><testcase classname="Tribler.Test.Community.Multichain.test_multichain_community.TestMultiChainCommunity" name="test_on_tunnel_remove_NoneType" time="2.846"></testcase><testcase classname="Tribler.Test.Community.Multichain.test_multichain_community.TestMultiChainCommunity" name="test_on_tunnel_remove_circuit" time="3.412"></testcase><testcase classname="Tribler.Test.Community.Multichain.test_multichain_community.TestMultiChainCommunity" name="test_on_tunnel_remove_exit" time="3.228"></testcase><testcase classname="Tribler.Test.Community.Multichain.test_multichain_community.TestMultiChainCommunity" name="test_on_tunnel_remove_relay" time="3.014"></testcase><testcase classname="Tribler.Test.Community.Multichain.test_multichain_community.TestMultiChainCommunity" name="test_publish_signature_request_message" time="2.830"></testcase><testcase classname="Tribler.Test.Community.Multichain.test_multichain_community.TestMultiChainCommunity" name="test_receive_signature_request_and_response" time="2.618"></testcase><testcase classname="Tribler.Test.Community.Multichain.test_multichain_community.TestMultiChainCommunity" name="test_request_block_halfsigned" time="4.020"></testcase><testcase classname="Tribler.Test.Community.Multichain.test_multichain_community.TestMultiChainCommunity" name="test_request_block_known" time="4.030"></testcase><testcase classname="Tribler.Test.Community.Multichain.test_multichain_community.TestMultiChainCommunity" name="test_request_block_latest" time="4.027"></testcase><testcase classname="Tribler.Test.Community.Multichain.test_multichain_community.TestMultiChainCommunity" name="test_request_block_specified_sequence_number" time="4.242"></testcase><testcase classname="Tribler.Test.Community.Multichain.test_multichain_community.TestMultiChainCommunity" name="test_schedule_block" time="2.838"></testcase><testcase classname="Tribler.Test.Community.Multichain.test_multichain_community.TestMultiChainCommunity" name="test_schedule_block_invalid_candidate" time="1.420"></testcase><testcase classname="Tribler.Test.Community.Multichain.test_multichain_conversion.TestConversion" name="test_decoding_crawl_request_wrong_size" time="0.227"></testcase><testcase classname="Tribler.Test.Community.Multichain.test_multichain_conversion.TestConversion" name="test_decoding_crawl_response_wrong_size" time="0.230"></testcase><testcase classname="Tribler.Test.Community.Multichain.test_multichain_conversion.TestConversion" name="test_decoding_signature_wrong_size" time="0.230"></testcase><testcase classname="Tribler.Test.Community.Multichain.test_multichain_conversion.TestConversion" name="test_encoding_decoding_crawl_request" time="0.227"></testcase><testcase classname="Tribler.Test.Community.Multichain.test_multichain_conversion.TestConversion" name="test_encoding_decoding_crawl_request_empty" time="0.226"></testcase><testcase classname="Tribler.Test.Community.Multichain.test_multichain_conversion.TestConversion" name="test_encoding_decoding_crawl_response" time="0.232"></testcase><testcase classname="Tribler.Test.Community.Multichain.test_multichain_conversion.TestConversion" name="test_encoding_decoding_signature" time="0.227"></testcase><testcase classname="Tribler.Test.Community.Multichain.test_multichain_conversion.TestConversion" name="test_encoding_decoding_signature_big_number" time="0.230"></testcase><testcase classname="Tribler.Test.Community.Multichain.test_multichain_conversion.TestConversion" name="test_encoding_decoding_signature_requester" time="0.230"></testcase><testcase classname="Tribler.Test.Community.Multichain.test_multichain_conversion.TestConversion" name="test_split_function" time="0.226"></testcase><testcase classname="Tribler.Test.Community.Multichain.test_multichain_database.TestDatabase" name="test_add_block" time="0.247"></testcase><testcase classname="Tribler.Test.Community.Multichain.test_multichain_database.TestDatabase" name="test_add_two_blocks" time="0.241"></testcase><testcase classname="Tribler.Test.Community.Multichain.test_multichain_database.TestDatabase" name="test_contains_block_id_negative" time="0.240"></testcase><testcase classname="Tribler.Test.Community.Multichain.test_multichain_database.TestDatabase" name="test_contains_block_id_positive" time="0.243"></testcase><testcase classname="Tribler.Test.Community.Multichain.test_multichain_database.TestDatabase" name="test_database_create" time="0.246"></testcase><testcase classname="Tribler.Test.Community.Multichain.test_multichain_database.TestDatabase" name="test_database_no_downgrade" time="0.244"></testcase><testcase classname="Tribler.Test.Community.Multichain.test_multichain_database.TestDatabase" name="test_database_upgrade" time="0.246"></testcase><testcase classname="Tribler.Test.Community.Multichain.test_multichain_database.TestDatabase" name="test_get_block_non_existing" time="0.238"></testcase><testcase classname="Tribler.Test.Community.Multichain.test_multichain_database.TestDatabase" name="test_get_by_hash" time="0.239"></testcase><testcase classname="Tribler.Test.Community.Multichain.test_multichain_database.TestDatabase" name="test_get_by_public_key_and_sequence_number_requester" time="0.240"></testcase><testcase classname="Tribler.Test.Community.Multichain.test_multichain_database.TestDatabase" name="test_get_by_public_key_and_sequence_number_responder" time="0.239"></testcase><testcase classname="Tribler.Test.Community.Multichain.test_multichain_database.TestDatabase" name="test_get_by_sequence_number_by_mid_not_existing" time="0.239"></testcase><testcase classname="Tribler.Test.Community.Multichain.test_multichain_database.TestDatabase" name="test_get_insert_time" time="0.242"></testcase><testcase classname="Tribler.Test.Community.Multichain.test_multichain_database.TestDatabase" name="test_get_latest_sequence_number_not_existing" time="0.238"></testcase><testcase classname="Tribler.Test.Community.Multichain.test_multichain_database.TestDatabase" name="test_get_latest_sequence_number_public_key_requester" time="0.240"></testcase><testcase classname="Tribler.Test.Community.Multichain.test_multichain_database.TestDatabase" name="test_get_latest_sequence_number_public_key_responder" time="0.240"></testcase><testcase classname="Tribler.Test.Community.Multichain.test_multichain_database.TestDatabase" name="test_get_previous_hash_of_requester" time="0.240"></testcase><testcase classname="Tribler.Test.Community.Multichain.test_multichain_database.TestDatabase" name="test_get_previous_hash_of_responder" time="0.240"></testcase><testcase classname="Tribler.Test.Community.Multichain.test_multichain_database.TestDatabase" name="test_get_previous_id_not_existing" time="0.238"></testcase><testcase classname="Tribler.Test.Community.Multichain.test_multichain_database.TestDatabase" name="test_get_total" time="0.245"></testcase><testcase classname="Tribler.Test.Community.Multichain.test_multichain_database.TestDatabase" name="test_get_total_not_existing" time="0.239"></testcase><testcase classname="Tribler.Test.Community.Multichain.test_multichain_database.TestDatabase" name="test_save_large_upload_download_block" time="0.239"></testcase><testcase classname="Tribler.Test.Community.Multichain.test_multichain_startup.TestMultichainStartup" name="test_multichain_startup_crawler" time="0.449"></testcase><testcase classname="Tribler.Test.Community.Multichain.test_multichain_startup.TestMultichainStartup" name="test_multichain_startup_no_crawler" time="0.655"></testcase><testcase classname="Tribler.Test.Community.Search.FullSession.test_search_community.TestSearchCommunity" name="test_channel_search" time="6.186"></testcase><testcase classname="Tribler.Test.Community.Search.FullSession.test_search_community.TestSearchCommunity" name="test_torrent_search" time="2.818"><system-out><![CDATA[finally
{'keywords': [u'test'], 'result_list': [{'torrent_id': -1, 'status': u'good', 'relevance_score': [1, 0, 1, 0, 0], 'num_leechers': 0, 'creation_date': 1337L, 'torrent_type': 'remote', 'query_candidates': set([<Tribler.dispersy.candidate.WalkCandidate object at 0x7fb9a03cb750>]), 'category': u'other', 'name': u'test test', 'num_seeders': 0, 'num_files': 1, 'length': 1337L, 'infohash': 'aaaaaaaaaaaaaaaaaaaa', 'channel': None}]}
]]></system-out></testcase><testcase classname="Tribler.Test.Community.Search.test_search_community.TestSearchCommunity" name="test_decode_response_invalid" time="0.243"></testcase><testcase classname="Tribler.Test.Community.Search.test_search_community.TestSearchCommunity" name="test_on_search" time="0.244"></testcase><testcase classname="Tribler.Test.Community.Tunnel.FullSession.test_hidden_community.TestHiddenTunnelCommunity" name="test_hidden_services" time="0.000"><skipped type="unittest.case.SkipTest" message="This test fails most of the time. Temporarily disabled, see issue #1826 on GitHub"><![CDATA[SkipTest: This test fails most of the time. Temporarily disabled, see issue #1826 on GitHub
]]></skipped></testcase><testcase classname="Tribler.Test.Community.Tunnel.FullSession.test_tunnel_community.TestTunnelCommunity" name="test_anon_download" time="18.477"></testcase><testcase classname="Tribler.Test.Community.Tunnel.FullSession.test_tunnel_community.TestTunnelCommunity" name="test_anon_download_no_exitnodes" time="31.885"></testcase><testcase classname="Tribler.Test.Community.Tunnel.FullSession.test_tunnel_community.TestTunnelCommunity" name="test_anon_download_no_relays" time="31.924"></testcase><testcase classname="Tribler.Test.Community.Tunnel.test_tunnelcommunity.TestTunnelCommunity" name="test_check_destroy" time="0.218"></testcase><testcase classname="Tribler.Test.Community.Tunnel.test_tunnelcommunity.TestTunnelCommunity" name="test_check_pong" time="0.259"></testcase><testcase classname="Tribler.Test.Community.Tunnel.test_tunnelcommunity.TestTunnelCommunity" name="test_circuit_request_cache" time="0.258"></testcase><testcase classname="Tribler.Test.Community.Tunnel.test_tunnelcommunity.TestTunnelCommunity" name="test_increase_bytes_received_error_branch" time="0.219"></testcase><testcase classname="Tribler.Test.Community.Tunnel.test_tunnelcommunity.TestTunnelCommunity" name="test_increase_bytes_sent_error_branch" time="0.258"></testcase><testcase classname="Tribler.Test.Community.Tunnel.test_tunnelcommunity.TestTunnelCommunity" name="test_ping_request_cache" time="0.256"></testcase><testcase classname="Tribler.Test.Community.Tunnel.test_tunnelcommunity.TestTunnelCommunity" name="test_send_to_destination_ip" time="0.214"></testcase><testcase classname="Tribler.Test.Community.Tunnel.test_tunnelcommunity.TestTunnelCommunity" name="test_send_to_ip_deferred" time="0.224"></testcase><testcase classname="Tribler.Test.Community.channel.test_channel_community.TestChannelCommunity" name="test_initialize" time="0.235"></testcase><testcase classname="Tribler.Test.Community.channel.test_channel_community.TestChannelCommunity" name="test_remove_playlist_torrents" time="0.247"></testcase><testcase classname="Tribler.Test.Community.channel.test_channel_conversion.TestChannelConversion" name="test_decode_torrent" time="0.222"></testcase><testcase classname="Tribler.Test.Core.Category.test_category.TriblerCategoryTest" name="test_calculate_category_multi_file" time="0.240"></testcase><testcase classname="Tribler.Test.Core.Category.test_category.TriblerCategoryTest" name="test_calculate_category_single_file" time="0.240"></testcase><testcase classname="Tribler.Test.Core.Category.test_category.TriblerCategoryTest" name="test_calculate_category_xxx" time="0.239"></testcase><testcase classname="Tribler.Test.Core.Category.test_category.TriblerCategoryTest" name="test_category_names_none_names" time="0.239"></testcase><testcase classname="Tribler.Test.Core.Category.test_category.TriblerCategoryTest" name="test_cmp_rank" time="0.241"></testcase><testcase classname="Tribler.Test.Core.Category.test_category.TriblerCategoryTest" name="test_get_category_names" time="0.237"></testcase><testcase classname="Tribler.Test.Core.Category.test_category.TriblerCategoryTest" name="test_get_family_filter_sql" time="0.239"></testcase><testcase classname="Tribler.Test.Core.Category.test_category.TriblerCategoryTest" name="test_non_existent_conf_file" time="0.251"></testcase><testcase classname="Tribler.Test.Core.Category.test_family_filter.TriblerCategoryTestFamilyFilter" name="test_filter_torrent" time="0.234"></testcase><testcase classname="Tribler.Test.Core.Category.test_family_filter.TriblerCategoryTestFamilyFilter" name="test_invalid_filename_exception" time="0.226"></testcase><testcase classname="Tribler.Test.Core.Category.test_family_filter.TriblerCategoryTestFamilyFilter" name="test_is_xxx" time="0.233"></testcase><testcase classname="Tribler.Test.Core.Category.test_family_filter.TriblerCategoryTestFamilyFilter" name="test_is_xxx_term" time="0.226"></testcase><testcase classname="Tribler.Test.Core.Category.test_init_category.TriblerCategoryTestInit" name="test_get_category_info" time="0.230"></testcase><testcase classname="Tribler.Test.Core.Category.test_init_category.TriblerCategoryTestInit" name="test_split_list" time="0.222"></testcase><testcase classname="Tribler.Test.Core.Config.test_tribler_config.TestTriblerConfig" name="test_get_download_state" time="0.226"></testcase><testcase classname="Tribler.Test.Core.Config.test_tribler_config.TestTriblerConfig" name="test_get_download_states" time="0.226"></testcase><testcase classname="Tribler.Test.Core.Config.test_tribler_config.TestTriblerConfig" name="test_remove_download_state" time="0.227"></testcase><testcase classname="Tribler.Test.Core.Config.test_tribler_config.TestTriblerConfig" name="test_set_download_state" time="0.225"></testcase><testcase classname="Tribler.Test.Core.Config.test_tribler_config.TestTriblerConfig" name="test_set_family_filter" time="0.225"></testcase><testcase classname="Tribler.Test.Core.CreditMining.test_creditmining.TestBoostingManagerError" name="test_failed_start_download" time="0.236"></testcase><testcase classname="Tribler.Test.Core.CreditMining.test_creditmining.TestBoostingManagerError" name="test_insert_torrent_unknown_source" time="0.230"></testcase><testcase classname="Tribler.Test.Core.CreditMining.test_creditmining.TestBoostingManagerError" name="test_unknown_source" time="0.236"></testcase><testcase classname="Tribler.Test.Core.CreditMining.test_creditmining.TestBoostingManagerPolicies" name="test_creationdate_policy" time="0.224"></testcase><testcase classname="Tribler.Test.Core.CreditMining.test_creditmining.TestBoostingManagerPolicies" name="test_fallback_policy" time="0.000"><skipped type="unittest.case.SkipTest" message="The random seed is not reliable"><![CDATA[SkipTest: The random seed is not reliable
]]></skipped></testcase><testcase classname="Tribler.Test.Core.CreditMining.test_creditmining.TestBoostingManagerPolicies" name="test_random_policy" time="0.224"></testcase><testcase classname="Tribler.Test.Core.CreditMining.test_creditmining.TestBoostingManagerPolicies" name="test_seederratio_policy" time="0.223"></testcase><testcase classname="Tribler.Test.Core.CreditMining.test_creditmining.TestBoostingManagerUtilities" name="test_boosting_dependencies" time="0.229"></testcase><testcase classname="Tribler.Test.Core.CreditMining.test_creditmining.TestBoostingManagerUtilities" name="test_escape_xml" time="0.226"></testcase><testcase classname="Tribler.Test.Core.CreditMining.test_creditmining.TestBoostingManagerUtilities" name="test_levenshtein" time="0.240"></testcase><testcase classname="Tribler.Test.Core.CreditMining.test_creditmining.TestBoostingManagerUtilities" name="test_load_default" time="0.235"></testcase><testcase classname="Tribler.Test.Core.CreditMining.test_creditmining.TestBoostingManagerUtilities" name="test_logging" time="0.234"></testcase><testcase classname="Tribler.Test.Core.CreditMining.test_creditmining.TestBoostingManagerUtilities" name="test_sessionconfig" time="0.229"></testcase><testcase classname="Tribler.Test.Core.CreditMining.test_creditmining.TestBoostingManagerUtilities" name="test_translate_peer_info" time="0.224"></testcase><testcase classname="Tribler.Test.Core.CreditMining.test_creditmining.TestBoostingManagerUtilities" name="test_update_statistics" time="0.233"></testcase><testcase classname="Tribler.Test.Core.CreditMining.test_creditmining_sys.TestBoostingManagerSysChannel" name="test_chn_exist_lookup" time="13.570"></testcase><testcase classname="Tribler.Test.Core.CreditMining.test_creditmining_sys.TestBoostingManagerSysChannel" name="test_chn_lookup" time="3.445"></testcase><testcase classname="Tribler.Test.Core.CreditMining.test_creditmining_sys.TestBoostingManagerSysChannel" name="test_chn_max_torrents" time="13.256"></testcase><testcase classname="Tribler.Test.Core.CreditMining.test_creditmining_sys.TestBoostingManagerSysDir" name="test_dir" time="2.645"></testcase><testcase classname="Tribler.Test.Core.CreditMining.test_creditmining_sys.TestBoostingManagerSysDir" name="test_dir_archive_example" time="2.876"></testcase><testcase classname="Tribler.Test.Core.CreditMining.test_creditmining_sys.TestBoostingManagerSysRSS" name="test_rss" time="11.651"></testcase><testcase classname="Tribler.Test.Core.CreditMining.test_creditmining_sys.TestBoostingManagerSysRSS" name="test_rss_unavailable" time="0.646"></testcase><testcase classname="Tribler.Test.Core.CreditMining.test_creditmining_sys.TestBoostingManagerSysRSS" name="test_rss_unexist" time="0.670"></testcase><testcase classname="Tribler.Test.Core.Libtorrent.test_libtorrent_download_impl.TestLibtorrentDownloadImpl" name="test_can_create_engine_wrapper" time="0.584"></testcase><testcase classname="Tribler.Test.Core.Libtorrent.test_libtorrent_download_impl.TestLibtorrentDownloadImpl" name="test_can_create_engine_wrapper_retry" time="5.236"></testcase><testcase classname="Tribler.Test.Core.Libtorrent.test_libtorrent_download_impl.TestLibtorrentDownloadImpl" name="test_get_magnet_link_none" time="0.577"></testcase><testcase classname="Tribler.Test.Core.Libtorrent.test_libtorrent_download_impl.TestLibtorrentDownloadImpl" name="test_get_tdef" time="0.561"></testcase><testcase classname="Tribler.Test.Core.Libtorrent.test_libtorrent_download_impl.TestLibtorrentDownloadImpl" name="test_multifile_torrent" time="0.560"></testcase><testcase classname="Tribler.Test.Core.Libtorrent.test_libtorrent_download_impl.TestLibtorrentDownloadImpl" name="test_restart" time="0.540"></testcase><testcase classname="Tribler.Test.Core.Libtorrent.test_libtorrent_download_impl.TestLibtorrentDownloadImpl" name="test_restart_no_handle" time="0.206"></testcase><testcase classname="Tribler.Test.Core.Libtorrent.test_libtorrent_download_impl.TestLibtorrentDownloadImpl" name="test_save_resume" time="1.411"></testcase><testcase classname="Tribler.Test.Core.Libtorrent.test_libtorrent_download_impl.TestLibtorrentDownloadImpl" name="test_setup" time="0.212"></testcase><testcase classname="Tribler.Test.Core.Libtorrent.test_libtorrent_download_impl.TestLibtorrentDownloadImplNoSession" name="test_add_trackers" time="0.222"></testcase><testcase classname="Tribler.Test.Core.Libtorrent.test_libtorrent_download_impl.TestLibtorrentDownloadImplNoSession" name="test_dlconfig_cb_change" time="0.227"></testcase><testcase classname="Tribler.Test.Core.Libtorrent.test_libtorrent_download_impl.TestLibtorrentDownloadImplNoSession" name="test_download_finish_alert" time="0.227"></testcase><testcase classname="Tribler.Test.Core.Libtorrent.test_libtorrent_download_impl.TestLibtorrentDownloadImplNoSession" name="test_get_byte_progress" time="0.225"></testcase><testcase classname="Tribler.Test.Core.Libtorrent.test_libtorrent_download_impl.TestLibtorrentDownloadImplNoSession" name="test_get_dest_files" time="0.224"></testcase><testcase classname="Tribler.Test.Core.Libtorrent.test_libtorrent_download_impl.TestLibtorrentDownloadImplNoSession" name="test_get_length" time="0.224"></testcase><testcase classname="Tribler.Test.Core.Libtorrent.test_libtorrent_download_impl.TestLibtorrentDownloadImplNoSession" name="test_get_piece_progress" time="0.225"></testcase><testcase classname="Tribler.Test.Core.Libtorrent.test_libtorrent_download_impl.TestLibtorrentDownloadImplNoSession" name="test_get_pieces_bitmask" time="0.224"></testcase><testcase classname="Tribler.Test.Core.Libtorrent.test_libtorrent_download_impl.TestLibtorrentDownloadImplNoSession" name="test_get_share_mode" time="0.222"></testcase><testcase classname="Tribler.Test.Core.Libtorrent.test_libtorrent_download_impl.TestLibtorrentDownloadImplNoSession" name="test_get_vod_fileindex" time="0.223"></testcase><testcase classname="Tribler.Test.Core.Libtorrent.test_libtorrent_download_impl.TestLibtorrentDownloadImplNoSession" name="test_get_vod_filesize" time="0.222"></testcase><testcase classname="Tribler.Test.Core.Libtorrent.test_libtorrent_download_impl.TestLibtorrentDownloadImplNoSession" name="test_process_error_alert" time="0.224"></testcase><testcase classname="Tribler.Test.Core.Libtorrent.test_libtorrent_download_impl.TestLibtorrentDownloadImplNoSession" name="test_resume_data_failed" time="0.228"></testcase><testcase classname="Tribler.Test.Core.Libtorrent.test_libtorrent_download_impl.TestLibtorrentDownloadImplNoSession" name="test_set_priority" time="0.223"></testcase><testcase classname="Tribler.Test.Core.Libtorrent.test_libtorrent_download_impl.TestLibtorrentDownloadImplNoSession" name="test_set_share_mode" time="0.225"></testcase><testcase classname="Tribler.Test.Core.Libtorrent.test_libtorrent_download_impl.TestLibtorrentDownloadImplNoSession" name="test_setup_exception" time="0.238"><system-err><![CDATA[Traceback (most recent call last):
  File "/home/jenkins/workspace/pers/Test_Tribler-brussee/Tribler/Core/Libtorrent/LibtorrentDownloadImpl.py", line 225, in setup
    self.set_corrected_infoname()
  File "/home/jenkins/workspace/pers/Test_Tribler-brussee/Tribler/Core/Libtorrent/LibtorrentDownloadImpl.py", line 707, in set_corrected_infoname
    self.correctedinfoname = fix_filebasename(self.tdef.get_name_as_unicode())
AttributeError: 'MockObject' object has no attribute 'get_name_as_unicode'
]]></system-err></testcase><testcase classname="Tribler.Test.Core.Libtorrent.test_libtorrent_download_impl.TestLibtorrentDownloadImplNoSession" name="test_stop" time="0.224"></testcase><testcase classname="Tribler.Test.Core.Libtorrent.test_libtorrent_download_impl.TestLibtorrentDownloadImplNoSession" name="test_torrent_checked_alert" time="0.222"></testcase><testcase classname="Tribler.Test.Core.Libtorrent.test_libtorrent_download_impl.TestLibtorrentDownloadImplNoSession" name="test_tracker_reply_alert" time="0.224"></testcase><testcase classname="Tribler.Test.Core.Libtorrent.test_libtorrent_download_impl.TestLibtorrentDownloadImplNoSession" name="test_tracker_warning_alert" time="0.223"></testcase><testcase classname="Tribler.Test.Core.Libtorrent.test_libtorrent_mgr.TestLibtorrentMgr" name="test_add_torrent" time="0.225"></testcase><testcase classname="Tribler.Test.Core.Libtorrent.test_libtorrent_mgr.TestLibtorrentMgr" name="test_get_metainfo" time="0.468"></testcase><testcase classname="Tribler.Test.Core.Libtorrent.test_libtorrent_mgr.TestLibtorrentMgr" name="test_get_metainfo_not_ready" time="0.466"></testcase><testcase classname="Tribler.Test.Core.Libtorrent.test_libtorrent_mgr.TestLibtorrentMgr" name="test_get_session_one_hop" time="0.461"></testcase><testcase classname="Tribler.Test.Core.Libtorrent.test_libtorrent_mgr.TestLibtorrentMgr" name="test_get_session_zero_hops" time="0.244"></testcase><testcase classname="Tribler.Test.Core.Libtorrent.test_libtorrent_mgr.TestLibtorrentMgr" name="test_get_session_zero_hops_corrupt_lt_state" time="0.240"></testcase><testcase classname="Tribler.Test.Core.Libtorrent.test_libtorrent_mgr.TestLibtorrentMgr" name="test_get_session_zero_hops_working_lt_state" time="0.212"></testcase><testcase classname="Tribler.Test.Core.Libtorrent.test_libtorrent_mgr.TestLibtorrentMgr" name="test_got_metainfo_timeout" time="0.472"></testcase><testcase classname="Tribler.Test.Core.Libtorrent.test_libtorrent_mgr.TestLibtorrentMgr" name="test_start_download_duplicate" time="0.242"></testcase><testcase classname="Tribler.Test.Core.Modules.Channel.test_channel.TestChannel" name="test_get_channel_id" time="0.222"></testcase><testcase classname="Tribler.Test.Core.Modules.Channel.test_channel.TestChannel" name="test_get_channel_name" time="0.222"></testcase><testcase classname="Tribler.Test.Core.Modules.Channel.test_channel.TestChannel" name="test_get_rss_feed_url_list" time="0.222"></testcase><testcase classname="Tribler.Test.Core.Modules.Channel.test_channel_rss.TestChannelRss" name="test_initialize" time="0.226"></testcase><testcase classname="Tribler.Test.Core.Modules.Channel.test_channel_rss.TestChannelRss" name="test_parse_feed_stopped" time="0.242"></testcase><testcase classname="Tribler.Test.Core.Modules.Channel.test_channel_rss.TestChannelRss" name="test_parse_rss_feed" time="0.252"></testcase><testcase classname="Tribler.Test.Core.Modules.Channel.test_channel_rss.TestChannelRss" name="test_shutdown" time="0.226"></testcase><testcase classname="Tribler.Test.Core.Modules.Channel.test_channel_rss.TestChannelRss" name="test_task_scrape_no_stop" time="0.231"></testcase><testcase classname="Tribler.Test.Core.Modules.Channel.test_channel_rss.TestChannelRss" name="test_task_scrape_stop" time="0.230"></testcase><testcase classname="Tribler.Test.Core.Modules.Channel.test_channel_rss.TestRssParser" name="test_html2plaintext" time="0.222"></testcase><testcase classname="Tribler.Test.Core.Modules.Channel.test_channel_rss.TestRssParser" name="test_parse" time="0.233"></testcase><testcase classname="Tribler.Test.Core.Modules.Channel.test_channel_rss.TestRssParser" name="test_parse_html" time="0.223"></testcase><testcase classname="Tribler.Test.Core.Modules.RestApi.Channels.test_channels_discovered_endpoint.TestChannelsDiscoveredEndpoints" name="test_get_channel_info" time="0.256"></testcase><testcase classname="Tribler.Test.Core.Modules.RestApi.Channels.test_channels_discovered_endpoint.TestChannelsDiscoveredEndpoints" name="test_get_channel_info_non_existent" time="0.221"></testcase><testcase classname="Tribler.Test.Core.Modules.RestApi.Channels.test_channels_endpoint.TestChannelsEndpoint" name="test_channels_unknown_endpoint" time="0.242"></testcase><testcase classname="Tribler.Test.Core.Modules.RestApi.Channels.test_channels_endpoint.TestChannelsEndpoint" name="test_get_discovered_channels" time="0.245"></testcase><testcase classname="Tribler.Test.Core.Modules.RestApi.Channels.test_channels_endpoint.TestChannelsEndpoint" name="test_get_discovered_channels_no_channels" time="0.213"></testcase><testcase classname="Tribler.Test.Core.Modules.RestApi.Channels.test_channels_playlist_endpoint.TestChannelsModifyPlaylistsAddTorrentEndpoints" name="test_add_torrent_no_channel" time="0.255"></testcase><testcase classname="Tribler.Test.Core.Modules.RestApi.Channels.test_channels_playlist_endpoint.TestChannelsModifyPlaylistsAddTorrentEndpoints" name="test_add_torrent_no_community" time="0.214"></testcase><testcase classname="Tribler.Test.Core.Modules.RestApi.Channels.test_channels_playlist_endpoint.TestChannelsModifyPlaylistsAddTorrentEndpoints" name="test_add_torrent_no_playlist" time="0.210"></testcase><testcase classname="Tribler.Test.Core.Modules.RestApi.Channels.test_channels_playlist_endpoint.TestChannelsModifyPlaylistsAddTorrentEndpoints" name="test_add_torrent_playlist" time="0.438"></testcase><testcase classname="Tribler.Test.Core.Modules.RestApi.Channels.test_channels_playlist_endpoint.TestChannelsModifyPlaylistsEndpoints" name="test_delete_playlist" time="0.254"></testcase><testcase classname="Tribler.Test.Core.Modules.RestApi.Channels.test_channels_playlist_endpoint.TestChannelsModifyPlaylistsEndpoints" name="test_delete_playlist_no_channel" time="0.239"></testcase><testcase classname="Tribler.Test.Core.Modules.RestApi.Channels.test_channels_playlist_endpoint.TestChannelsModifyPlaylistsEndpoints" name="test_delete_playlist_no_community" time="0.209"></testcase><testcase classname="Tribler.Test.Core.Modules.RestApi.Channels.test_channels_playlist_endpoint.TestChannelsModifyPlaylistsEndpoints" name="test_delete_playlist_no_playlist" time="0.239"></testcase><testcase classname="Tribler.Test.Core.Modules.RestApi.Channels.test_channels_playlist_endpoint.TestChannelsModifyPlaylistsEndpoints" name="test_edit_playlist" time="0.256"></testcase><testcase classname="Tribler.Test.Core.Modules.RestApi.Channels.test_channels_playlist_endpoint.TestChannelsModifyPlaylistsEndpoints" name="test_edit_playlist_no_channel" time="0.209"></testcase><testcase classname="Tribler.Test.Core.Modules.RestApi.Channels.test_channels_playlist_endpoint.TestChannelsModifyPlaylistsEndpoints" name="test_edit_playlist_no_community" time="0.248"></testcase><testcase classname="Tribler.Test.Core.Modules.RestApi.Channels.test_channels_playlist_endpoint.TestChannelsModifyPlaylistsEndpoints" name="test_edit_playlist_no_description" time="0.238"></testcase><testcase classname="Tribler.Test.Core.Modules.RestApi.Channels.test_channels_playlist_endpoint.TestChannelsModifyPlaylistsEndpoints" name="test_edit_playlist_no_name" time="0.255"></testcase><testcase classname="Tribler.Test.Core.Modules.RestApi.Channels.test_channels_playlist_endpoint.TestChannelsModifyPlaylistsEndpoints" name="test_edit_playlist_no_playlist" time="0.243"></testcase><testcase classname="Tribler.Test.Core.Modules.RestApi.Channels.test_channels_playlist_endpoint.TestChannelsModifyPlaylistsRemoveTorrentEndpoints" name="test_delete_torrent_no_channel" time="0.209"></testcase><testcase classname="Tribler.Test.Core.Modules.RestApi.Channels.test_channels_playlist_endpoint.TestChannelsModifyPlaylistsRemoveTorrentEndpoints" name="test_delete_torrent_no_playlist" time="0.236"></testcase><testcase classname="Tribler.Test.Core.Modules.RestApi.Channels.test_channels_playlist_endpoint.TestChannelsModifyPlaylistsRemoveTorrentEndpoints" name="test_remove_torrent_no_community" time="0.248"></testcase><testcase classname="Tribler.Test.Core.Modules.RestApi.Channels.test_channels_playlist_endpoint.TestChannelsModifyPlaylistsRemoveTorrentEndpoints" name="test_remove_torrent_playlist" time="0.224"></testcase><testcase classname="Tribler.Test.Core.Modules.RestApi.Channels.test_channels_playlist_endpoint.TestChannelsPlaylistEndpoints" name="test_create_playlist" time="0.233"></testcase><testcase classname="Tribler.Test.Core.Modules.RestApi.Channels.test_channels_playlist_endpoint.TestChannelsPlaylistEndpoints" name="test_create_playlist_no_channel" time="0.223"></testcase><testcase classname="Tribler.Test.Core.Modules.RestApi.Channels.test_channels_playlist_endpoint.TestChannelsPlaylistEndpoints" name="test_create_playlist_no_cmty" time="0.255"></testcase><testcase classname="Tribler.Test.Core.Modules.RestApi.Channels.test_channels_playlist_endpoint.TestChannelsPlaylistEndpoints" name="test_create_playlist_no_description" time="0.209"></testcase><testcase classname="Tribler.Test.Core.Modules.RestApi.Channels.test_channels_playlist_endpoint.TestChannelsPlaylistEndpoints" name="test_create_playlist_no_name" time="0.244"></testcase><testcase classname="Tribler.Test.Core.Modules.RestApi.Channels.test_channels_playlist_endpoint.TestChannelsPlaylistEndpoints" name="test_get_playlists_endpoint_without_channel" time="0.257"></testcase><testcase classname="Tribler.Test.Core.Modules.RestApi.Channels.test_channels_playlist_endpoint.TestChannelsPlaylistEndpoints" name="test_playlists_endpoint" time="0.238"></testcase><testcase classname="Tribler.Test.Core.Modules.RestApi.Channels.test_channels_playlist_endpoint.TestChannelsPlaylistEndpoints" name="test_playlists_endpoint_no_playlists" time="0.233"></testcase><testcase classname="Tribler.Test.Core.Modules.RestApi.Channels.test_channels_popular_endpoint.TestChannelsPlaylistEndpoints" name="test_popular_channels_endpoint" time="0.234"></testcase><testcase classname="Tribler.Test.Core.Modules.RestApi.Channels.test_channels_popular_endpoint.TestChannelsPlaylistEndpoints" name="test_popular_channels_limit_neg" time="0.215"></testcase><testcase classname="Tribler.Test.Core.Modules.RestApi.Channels.test_channels_rss_endpoint.TestChannelsRssEndpoints" name="test_add_rss_feed_conflict" time="0.217"></testcase><testcase classname="Tribler.Test.Core.Modules.RestApi.Channels.test_channels_rss_endpoint.TestChannelsRssEndpoints" name="test_add_rss_feed_no_my_channel" time="0.222"></testcase><testcase classname="Tribler.Test.Core.Modules.RestApi.Channels.test_channels_rss_endpoint.TestChannelsRssEndpoints" name="test_add_rss_feed_with_channel" time="0.244"></testcase><testcase classname="Tribler.Test.Core.Modules.RestApi.Channels.test_channels_rss_endpoint.TestChannelsRssEndpoints" name="test_get_rss_feed_no_authorization" time="0.242"></testcase><testcase classname="Tribler.Test.Core.Modules.RestApi.Channels.test_channels_rss_endpoint.TestChannelsRssEndpoints" name="test_get_rss_feed_no_channel_obj" time="0.212"></testcase><testcase classname="Tribler.Test.Core.Modules.RestApi.Channels.test_channels_rss_endpoint.TestChannelsRssEndpoints" name="test_recheck_rss_feeds" time="0.209"></testcase><testcase classname="Tribler.Test.Core.Modules.RestApi.Channels.test_channels_rss_endpoint.TestChannelsRssEndpoints" name="test_recheck_rss_feeds_no_channel" time="0.232"></testcase><testcase classname="Tribler.Test.Core.Modules.RestApi.Channels.test_channels_rss_endpoint.TestChannelsRssEndpoints" name="test_remove_rss_feed_invalid_url" time="0.230"></testcase><testcase classname="Tribler.Test.Core.Modules.RestApi.Channels.test_channels_rss_endpoint.TestChannelsRssEndpoints" name="test_remove_rss_feed_no_channel" time="0.212"></testcase><testcase classname="Tribler.Test.Core.Modules.RestApi.Channels.test_channels_rss_endpoint.TestChannelsRssEndpoints" name="test_remove_rss_feed_with_channel" time="0.254"></testcase><testcase classname="Tribler.Test.Core.Modules.RestApi.Channels.test_channels_rss_endpoint.TestChannelsRssEndpoints" name="test_rss_feeds_endpoint_with_channel" time="0.255"></testcase><testcase classname="Tribler.Test.Core.Modules.RestApi.Channels.test_channels_subscription_endpoint.TestChannelsSubscriptionEndpoint" name="test_get_subscribed_channels_no_subscriptions" time="0.222"></testcase><testcase classname="Tribler.Test.Core.Modules.RestApi.Channels.test_channels_subscription_endpoint.TestChannelsSubscriptionEndpoint" name="test_get_subscribed_channels_one_subscription" time="0.213"></testcase><testcase classname="Tribler.Test.Core.Modules.RestApi.Channels.test_channels_subscription_endpoint.TestChannelsSubscriptionEndpoint" name="test_subscribe_channel" time="0.210"></testcase><testcase classname="Tribler.Test.Core.Modules.RestApi.Channels.test_channels_subscription_endpoint.TestChannelsSubscriptionEndpoint" name="test_subscribe_channel_already_subscribed" time="0.228"></testcase><testcase classname="Tribler.Test.Core.Modules.RestApi.Channels.test_channels_subscription_endpoint.TestChannelsSubscriptionEndpoint" name="test_unsubscribe_channel" time="0.429"></testcase><testcase classname="Tribler.Test.Core.Modules.RestApi.Channels.test_channels_subscription_endpoint.TestChannelsSubscriptionEndpoint" name="test_unsubscribe_channel_not_exist" time="0.216"></testcase><testcase classname="Tribler.Test.Core.Modules.RestApi.Channels.test_channels_subscription_endpoint.TestChannelsSubscriptionEndpoint" name="test_unsubscribe_channel_not_subscribed" time="0.234"></testcase><testcase classname="Tribler.Test.Core.Modules.RestApi.Channels.test_channels_torrents_endpoint.TestChannelTorrentsEndpoint" name="test_add_torrent_to_channel" time="0.213"></testcase><testcase classname="Tribler.Test.Core.Modules.RestApi.Channels.test_channels_torrents_endpoint.TestChannelTorrentsEndpoint" name="test_add_torrent_to_channel_404" time="0.237"></testcase><testcase classname="Tribler.Test.Core.Modules.RestApi.Channels.test_channels_torrents_endpoint.TestChannelTorrentsEndpoint" name="test_add_torrent_to_channel_500" time="0.211"></testcase><testcase classname="Tribler.Test.Core.Modules.RestApi.Channels.test_channels_torrents_endpoint.TestChannelTorrentsEndpoint" name="test_add_torrent_to_channel_missing_parameter" time="0.258"></testcase><testcase classname="Tribler.Test.Core.Modules.RestApi.Channels.test_channels_torrents_endpoint.TestChannelTorrentsEndpoint" name="test_add_torrent_to_channel_with_description" time="0.250"></testcase><testcase classname="Tribler.Test.Core.Modules.RestApi.Channels.test_channels_torrents_endpoint.TestChannelTorrentsEndpoint" name="test_get_torrents_in_channel" time="0.231"></testcase><testcase classname="Tribler.Test.Core.Modules.RestApi.Channels.test_channels_torrents_endpoint.TestChannelTorrentsEndpoint" name="test_get_torrents_in_channel_invalid_cid" time="0.230"></testcase><testcase classname="Tribler.Test.Core.Modules.RestApi.Channels.test_channels_torrents_endpoint.TestModifyChannelTorrentEndpoint" name="test_add_torrent_from_magnet_to_channel" time="0.521"></testcase><testcase classname="Tribler.Test.Core.Modules.RestApi.Channels.test_channels_torrents_endpoint.TestModifyChannelTorrentEndpoint" name="test_add_torrent_from_url_to_channel_with_description" time="0.212"></testcase><testcase classname="Tribler.Test.Core.Modules.RestApi.Channels.test_channels_torrents_endpoint.TestModifyChannelTorrentEndpoint" name="test_add_torrent_to_channel_404" time="0.247"></testcase><testcase classname="Tribler.Test.Core.Modules.RestApi.Channels.test_channels_torrents_endpoint.TestModifyChannelTorrentEndpoint" name="test_add_torrent_to_channel_500" time="0.209"></testcase><testcase classname="Tribler.Test.Core.Modules.RestApi.Channels.test_channels_torrents_endpoint.TestModifyChannelTorrentEndpoint" name="test_remove_tor_unknown_channel" time="0.209"></testcase><testcase classname="Tribler.Test.Core.Modules.RestApi.Channels.test_channels_torrents_endpoint.TestModifyChannelTorrentEndpoint" name="test_remove_tor_unknown_cmty" time="0.242"></testcase><testcase classname="Tribler.Test.Core.Modules.RestApi.Channels.test_channels_torrents_endpoint.TestModifyChannelTorrentEndpoint" name="test_remove_tor_unknown_infohash" time="0.242"></testcase><testcase classname="Tribler.Test.Core.Modules.RestApi.Channels.test_channels_torrents_endpoint.TestModifyChannelTorrentEndpoint" name="test_remove_torrent" time="0.251"></testcase><testcase classname="Tribler.Test.Core.Modules.RestApi.Channels.test_create_channel_endpoint.TestCreateChannelEndpoint" name="test_my_channel_endpoint_create" time="0.242"></testcase><testcase classname="Tribler.Test.Core.Modules.RestApi.Channels.test_create_channel_endpoint.TestCreateChannelEndpoint" name="test_my_channel_endpoint_create_default_mode" time="0.243"></testcase><testcase classname="Tribler.Test.Core.Modules.RestApi.Channels.test_create_channel_endpoint.TestCreateChannelEndpoint" name="test_my_channel_endpoint_create_duplicate_name_error" time="0.242"></testcase><testcase classname="Tribler.Test.Core.Modules.RestApi.Channels.test_create_channel_endpoint.TestCreateChannelEndpoint" name="test_my_channel_endpoint_create_no_description_param" time="0.226"></testcase><testcase classname="Tribler.Test.Core.Modules.RestApi.Channels.test_create_channel_endpoint.TestCreateChannelEndpoint" name="test_my_channel_endpoint_create_no_name_param" time="0.209"></testcase><testcase classname="Tribler.Test.Core.Modules.RestApi.Channels.test_my_channel_endpoints.TestMyChannelEndpoints" name="test_edit_channel" time="0.238"></testcase><testcase classname="Tribler.Test.Core.Modules.RestApi.Channels.test_my_channel_endpoints.TestMyChannelEndpoints" name="test_edit_my_channel_no_channel" time="0.260"></testcase><testcase classname="Tribler.Test.Core.Modules.RestApi.Channels.test_my_channel_endpoints.TestMyChannelEndpoints" name="test_edit_my_channel_no_cmty" time="0.231"></testcase><testcase classname="Tribler.Test.Core.Modules.RestApi.Channels.test_my_channel_endpoints.TestMyChannelEndpoints" name="test_my_channel_overview_endpoint_no_my_channel" time="0.227"></testcase><testcase classname="Tribler.Test.Core.Modules.RestApi.Channels.test_my_channel_endpoints.TestMyChannelEndpoints" name="test_my_channel_overview_endpoint_with_channel" time="0.220"></testcase><testcase classname="Tribler.Test.Core.Modules.RestApi.test_create_torrent_endpoint.TestMyChannelCreateTorrentEndpoint" name="test_create_torrent" time="0.218"></testcase><testcase classname="Tribler.Test.Core.Modules.RestApi.test_create_torrent_endpoint.TestMyChannelCreateTorrentEndpoint" name="test_create_torrent_io_error" time="0.232"></testcase><testcase classname="Tribler.Test.Core.Modules.RestApi.test_create_torrent_endpoint.TestMyChannelCreateTorrentEndpoint" name="test_create_torrent_missing_files_parameter" time="0.210"></testcase><testcase classname="Tribler.Test.Core.Modules.RestApi.test_debug_endpoint.TestCircuitDebugEndpoint" name="test_get_circuit_no_community" time="0.241"></testcase><testcase classname="Tribler.Test.Core.Modules.RestApi.test_debug_endpoint.TestCircuitDebugEndpoint" name="test_get_circuits" time="0.217"></testcase><testcase classname="Tribler.Test.Core.Modules.RestApi.test_downloads_endpoint.TestDownloadsEndpoint" name="test_download_unknown_state" time="1.251"></testcase><testcase classname="Tribler.Test.Core.Modules.RestApi.test_downloads_endpoint.TestDownloadsEndpoint" name="test_export_download" time="1.255"></testcase><testcase classname="Tribler.Test.Core.Modules.RestApi.test_downloads_endpoint.TestDownloadsEndpoint" name="test_export_unknown_download" time="0.583"></testcase><testcase classname="Tribler.Test.Core.Modules.RestApi.test_downloads_endpoint.TestDownloadsEndpoint" name="test_get_downloads" time="1.240"></testcase><testcase classname="Tribler.Test.Core.Modules.RestApi.test_downloads_endpoint.TestDownloadsEndpoint" name="test_get_downloads_no_downloads" time="0.551"></testcase><testcase classname="Tribler.Test.Core.Modules.RestApi.test_downloads_endpoint.TestDownloadsEndpoint" name="test_recheck_download" time="1.224"></testcase><testcase classname="Tribler.Test.Core.Modules.RestApi.test_downloads_endpoint.TestDownloadsEndpoint" name="test_remove_download" time="0.546"></testcase><testcase classname="Tribler.Test.Core.Modules.RestApi.test_downloads_endpoint.TestDownloadsEndpoint" name="test_remove_download_no_remove_data_param" time="0.535"></testcase><testcase classname="Tribler.Test.Core.Modules.RestApi.test_downloads_endpoint.TestDownloadsEndpoint" name="test_remove_download_wrong_infohash" time="0.522"></testcase><testcase classname="Tribler.Test.Core.Modules.RestApi.test_downloads_endpoint.TestDownloadsEndpoint" name="test_resume_download" time="1.237"></testcase><testcase classname="Tribler.Test.Core.Modules.RestApi.test_downloads_endpoint.TestDownloadsEndpoint" name="test_resume_download_wrong_infohash" time="0.542"></testcase><testcase classname="Tribler.Test.Core.Modules.RestApi.test_downloads_endpoint.TestDownloadsEndpoint" name="test_select_download_file" time="1.211"></testcase><testcase classname="Tribler.Test.Core.Modules.RestApi.test_downloads_endpoint.TestDownloadsEndpoint" name="test_start_down_no_anon_param" time="0.559"></testcase><testcase classname="Tribler.Test.Core.Modules.RestApi.test_downloads_endpoint.TestDownloadsEndpoint" name="test_start_download_bad_params" time="0.545"></testcase><testcase classname="Tribler.Test.Core.Modules.RestApi.test_downloads_endpoint.TestDownloadsEndpoint" name="test_start_download_bad_uri" time="0.543"></testcase><testcase classname="Tribler.Test.Core.Modules.RestApi.test_downloads_endpoint.TestDownloadsEndpoint" name="test_start_download_from_bad_url" time="0.545"></testcase><testcase classname="Tribler.Test.Core.Modules.RestApi.test_downloads_endpoint.TestDownloadsEndpoint" name="test_start_download_from_file" time="1.212"></testcase><testcase classname="Tribler.Test.Core.Modules.RestApi.test_downloads_endpoint.TestDownloadsEndpoint" name="test_start_download_from_magnet" time="0.542"></testcase><testcase classname="Tribler.Test.Core.Modules.RestApi.test_downloads_endpoint.TestDownloadsEndpoint" name="test_start_download_hash" time="0.555"></testcase><testcase classname="Tribler.Test.Core.Modules.RestApi.test_downloads_endpoint.TestDownloadsEndpoint" name="test_start_download_hash_anon" time="0.570"></testcase><testcase classname="Tribler.Test.Core.Modules.RestApi.test_downloads_endpoint.TestDownloadsEndpoint" name="test_start_download_hash_cache" time="1.224"></testcase><testcase classname="Tribler.Test.Core.Modules.RestApi.test_downloads_endpoint.TestDownloadsEndpoint" name="test_start_download_hash_twice" time="1.234"></testcase><testcase classname="Tribler.Test.Core.Modules.RestApi.test_downloads_endpoint.TestDownloadsEndpoint" name="test_start_download_invalid_dir" time="0.550"></testcase><testcase classname="Tribler.Test.Core.Modules.RestApi.test_downloads_endpoint.TestDownloadsEndpoint" name="test_start_download_no_uri" time="0.552"></testcase><testcase classname="Tribler.Test.Core.Modules.RestApi.test_downloads_endpoint.TestDownloadsEndpoint" name="test_stop_download" time="1.237"></testcase><testcase classname="Tribler.Test.Core.Modules.RestApi.test_downloads_endpoint.TestDownloadsEndpoint" name="test_stop_download_wrong_infohash" time="0.543"></testcase><testcase classname="Tribler.Test.Core.Modules.RestApi.test_events_endpoint.TestEventsEndpoint" name="test_events" time="0.620"></testcase><testcase classname="Tribler.Test.Core.Modules.RestApi.test_events_endpoint.TestEventsEndpoint" name="test_family_filter_search" time="0.615"></testcase><testcase classname="Tribler.Test.Core.Modules.RestApi.test_events_endpoint.TestEventsEndpoint" name="test_search_results" time="0.659"></testcase><testcase classname="Tribler.Test.Core.Modules.RestApi.test_multichain_endpoint.TestMultichainStatsEndpoint" name="test_get_circuit_no_community" time="0.209"></testcase><testcase classname="Tribler.Test.Core.Modules.RestApi.test_multichain_endpoint.TestMultichainStatsEndpoint" name="test_get_statistics" time="0.255"></testcase><testcase classname="Tribler.Test.Core.Modules.RestApi.test_multichain_endpoint.TestMultichainStatsEndpoint" name="test_get_statistics_no_data" time="0.257"></testcase><testcase classname="Tribler.Test.Core.Modules.RestApi.test_rest_manager.RestRequestTest" name="test_unhandled_exception" time="0.216"></testcase><testcase classname="Tribler.Test.Core.Modules.RestApi.test_search_endpoint.TestSearchEndpoint" name="test_completions" time="0.244"></testcase><testcase classname="Tribler.Test.Core.Modules.RestApi.test_search_endpoint.TestSearchEndpoint" name="test_completions_no_query" time="0.233"></testcase><testcase classname="Tribler.Test.Core.Modules.RestApi.test_search_endpoint.TestSearchEndpoint" name="test_search" time="0.206"></testcase><testcase classname="Tribler.Test.Core.Modules.RestApi.test_search_endpoint.TestSearchEndpoint" name="test_search_no_matches" time="0.247"></testcase><testcase classname="Tribler.Test.Core.Modules.RestApi.test_search_endpoint.TestSearchEndpoint" name="test_search_no_parameter" time="0.237"></testcase><testcase classname="Tribler.Test.Core.Modules.RestApi.test_settings_endpoint.TestSettingsEndpoint" name="test_get_settings" time="0.219"></testcase><testcase classname="Tribler.Test.Core.Modules.RestApi.test_settings_endpoint.TestSettingsEndpoint" name="test_set_settings" time="0.209"></testcase><testcase classname="Tribler.Test.Core.Modules.RestApi.test_settings_endpoint.TestSettingsEndpoint" name="test_set_settings_invalid_dict" time="0.220"></testcase><testcase classname="Tribler.Test.Core.Modules.RestApi.test_settings_endpoint.TestSettingsEndpoint" name="test_set_settings_no_key" time="0.213"></testcase><testcase classname="Tribler.Test.Core.Modules.RestApi.test_shutdown_endpoint.TestShutdownEndpoint" name="test_shutdown" time="0.257"></testcase><testcase classname="Tribler.Test.Core.Modules.RestApi.test_state_endpoint.TestStateEndpoint" name="test_get_state" time="0.246"></testcase><testcase classname="Tribler.Test.Core.Modules.RestApi.test_statistics_endpoint.TestStatisticsEndpoint" name="test_get_community_statistics" time="0.454"></testcase><testcase classname="Tribler.Test.Core.Modules.RestApi.test_statistics_endpoint.TestStatisticsEndpoint" name="test_get_dispersy_statistics" time="0.422"></testcase><testcase classname="Tribler.Test.Core.Modules.RestApi.test_statistics_endpoint.TestStatisticsEndpoint" name="test_get_tribler_statistics" time="0.448"></testcase><testcase classname="Tribler.Test.Core.Modules.RestApi.test_torrentinfo_endpoint.TestTorrentInfoEndpoint" name="test_get_torrentinfo" time="0.452"></testcase><testcase classname="Tribler.Test.Core.Modules.RestApi.test_torrents_endpoint.TestTorrentHealthEndpoint" name="test_check_torrent_health" time="10.427"></testcase><testcase classname="Tribler.Test.Core.Modules.RestApi.test_torrents_endpoint.TestTorrentsEndpoint" name="test_get_random_torrents" time="0.249"></testcase><testcase classname="Tribler.Test.Core.Modules.RestApi.test_torrents_endpoint.TestTorrentsEndpoint" name="test_random_torrents_negative" time="0.223"></testcase><testcase classname="Tribler.Test.Core.Modules.RestApi.test_util.TestRestApiUtil" name="test_can_edit_channel" time="0.206"></testcase><testcase classname="Tribler.Test.Core.Modules.RestApi.test_util.TestRestApiUtil" name="test_convert_db_channel_to_json" time="0.246"></testcase><testcase classname="Tribler.Test.Core.Modules.RestApi.test_util.TestRestApiUtil" name="test_convert_torrent_to_json_dict" time="0.256"></testcase><testcase classname="Tribler.Test.Core.Modules.RestApi.test_util.TestRestApiUtil" name="test_convert_torrent_to_json_tuple" time="0.248"></testcase><testcase classname="Tribler.Test.Core.Modules.RestApi.test_util.TestRestApiUtil" name="test_fix_unicode_array" time="0.250"></testcase><testcase classname="Tribler.Test.Core.Modules.RestApi.test_util.TestRestApiUtil" name="test_fix_unicode_dict" time="0.250"></testcase><testcase classname="Tribler.Test.Core.Modules.RestApi.test_util.TestRestApiUtil" name="test_get_parameter" time="0.250"></testcase><testcase classname="Tribler.Test.Core.Modules.RestApi.test_util.TestRestApiUtil" name="test_rel_score_remote_torrent" time="0.236"></testcase><testcase classname="Tribler.Test.Core.Modules.RestApi.test_variables_endpoint.TestVariablesEndpoint" name="test_get_variables" time="0.232"></testcase><testcase classname="Tribler.Test.Core.Modules.channel.test_channel_manager.TestChannelManager" name="test_create_channel_duplicate_name_error" time="0.251"></testcase><testcase classname="Tribler.Test.Core.Modules.test_process_checker.TestProcessChecker" name="test_dead_pid_in_lock_file" time="0.227"></testcase><testcase classname="Tribler.Test.Core.Modules.test_process_checker.TestProcessChecker" name="test_no_lock_file" time="0.227"></testcase><testcase classname="Tribler.Test.Core.Modules.test_process_checker.TestProcessChecker" name="test_other_instance_running" time="0.246"></testcase><testcase classname="Tribler.Test.Core.Modules.test_process_checker.TestProcessChecker" name="test_own_pid_in_lock_file" time="0.227"></testcase><testcase classname="Tribler.Test.Core.Modules.test_tracker_manager.TestTrackerManager" name="test_add_tracker" time="0.228"></testcase><testcase classname="Tribler.Test.Core.Modules.test_tracker_manager.TestTrackerManager" name="test_get_tracker_for_check" time="0.225"></testcase><testcase classname="Tribler.Test.Core.Modules.test_tracker_manager.TestTrackerManager" name="test_get_tracker_info" time="0.210"></testcase><testcase classname="Tribler.Test.Core.Modules.test_tracker_manager.TestTrackerManager" name="test_initialize" time="0.227"></testcase><testcase classname="Tribler.Test.Core.Modules.test_tracker_manager.TestTrackerManager" name="test_should_check_tracker" time="0.227"></testcase><testcase classname="Tribler.Test.Core.Modules.test_tracker_manager.TestTrackerManager" name="test_update_tracker_info" time="0.228"></testcase><testcase classname="Tribler.Test.Core.Modules.test_versioncheck.TestVersionCheck" name="test_bad_request" time="0.240"></testcase><testcase classname="Tribler.Test.Core.Modules.test_versioncheck.TestVersionCheck" name="test_connection_error" time="0.211"></testcase><testcase classname="Tribler.Test.Core.Modules.test_versioncheck.TestVersionCheck" name="test_new_version" time="0.253"></testcase><testcase classname="Tribler.Test.Core.Modules.test_versioncheck.TestVersionCheck" name="test_old_version" time="0.247"></testcase><testcase classname="Tribler.Test.Core.Modules.test_watch_folder.TestWatchFolder" name="test_watchfolder_invalid_dir" time="0.526"></testcase><testcase classname="Tribler.Test.Core.Modules.test_watch_folder.TestWatchFolder" name="test_watchfolder_no_files" time="0.534"></testcase><testcase classname="Tribler.Test.Core.Modules.test_watch_folder.TestWatchFolder" name="test_watchfolder_no_torrent_file" time="0.540"></testcase><testcase classname="Tribler.Test.Core.Modules.test_watch_folder.TestWatchFolder" name="test_watchfolder_torrent_file_one_corrupt" time="0.535"></testcase><testcase classname="Tribler.Test.Core.TFTP.test_tftp_handler.TestTFTPHandler" name="test_check_session_timeout" time="0.221"></testcase><testcase classname="Tribler.Test.Core.TFTP.test_tftp_handler.TestTFTPHandler" name="test_cleanup_session" time="0.222"></testcase><testcase classname="Tribler.Test.Core.TFTP.test_tftp_handler.TestTFTPHandler" name="test_data_came_in" time="0.221"></testcase><testcase classname="Tribler.Test.Core.TFTP.test_tftp_handler.TestTFTPHandler" name="test_download_file_not_running" time="0.222"></testcase><testcase classname="Tribler.Test.Core.TFTP.test_tftp_handler.TestTFTPHandler" name="test_handle_error" time="0.222"></testcase><testcase classname="Tribler.Test.Core.TFTP.test_tftp_handler.TestTFTPHandler" name="test_handle_packet_as_receiver" time="0.222"></testcase><testcase classname="Tribler.Test.Core.TFTP.test_tftp_handler.TestTFTPHandler" name="test_handle_packet_as_sender" time="0.221"></testcase><testcase classname="Tribler.Test.Core.TFTP.test_tftp_handler.TestTFTPHandler" name="test_load_metadata_not_found" time="0.222"></testcase><testcase classname="Tribler.Test.Core.TFTP.test_tftp_handler.TestTFTPHandler" name="test_load_torrent_not_found" time="0.222"></testcase><testcase classname="Tribler.Test.Core.TFTP.test_tftp_handler.TestTFTPHandler" name="test_schedule_callback_processing" time="0.223"></testcase><testcase classname="Tribler.Test.Core.TFTP.test_tftp_handler.TestTFTPHandler" name="test_send_error_packet" time="0.222"></testcase><testcase classname="Tribler.Test.Core.TFTP.test_tftp_packet.TestTFTPPacket" name="test_decode_ack" time="0.222"></testcase><testcase classname="Tribler.Test.Core.TFTP.test_tftp_packet.TestTFTPPacket" name="test_decode_data" time="0.222"></testcase><testcase classname="Tribler.Test.Core.TFTP.test_tftp_packet.TestTFTPPacket" name="test_decode_error_invalid_pkg" time="0.222"></testcase><testcase classname="Tribler.Test.Core.TFTP.test_tftp_packet.TestTFTPPacket" name="test_decode_error_no_message" time="0.222"></testcase><testcase classname="Tribler.Test.Core.TFTP.test_tftp_packet.TestTFTPPacket" name="test_decode_error_too_small" time="0.222"></testcase><testcase classname="Tribler.Test.Core.TFTP.test_tftp_packet.TestTFTPPacket" name="test_decode_options_invalid" time="0.220"></testcase><testcase classname="Tribler.Test.Core.TFTP.test_tftp_packet.TestTFTPPacket" name="test_decode_options_no_option" time="0.221"></testcase><testcase classname="Tribler.Test.Core.TFTP.test_tftp_packet.TestTFTPPacket" name="test_decode_options_no_value" time="0.222"></testcase><testcase classname="Tribler.Test.Core.TFTP.test_tftp_packet.TestTFTPPacket" name="test_decode_options_unknown" time="0.221"></testcase><testcase classname="Tribler.Test.Core.TFTP.test_tftp_packet.TestTFTPPacket" name="test_decode_packet_opcode" time="0.222"></testcase><testcase classname="Tribler.Test.Core.TFTP.test_tftp_packet.TestTFTPPacket" name="test_decode_packet_too_small" time="0.221"></testcase><testcase classname="Tribler.Test.Core.TFTP.test_tftp_packet.TestTFTPPacket" name="test_encode_packet_error" time="0.223"></testcase><testcase classname="Tribler.Test.Core.TFTP.test_tftp_packet.TestTFTPPacket" name="test_get_string_no_end" time="0.220"></testcase><testcase classname="Tribler.Test.Core.TorrentChecker.test_torrentchecker.TestTorrentChecker" name="test_add_gui_request_cached" time="0.255"></testcase><testcase classname="Tribler.Test.Core.TorrentChecker.test_torrentchecker.TestTorrentChecker" name="test_add_gui_request_no_tor" time="0.246"></testcase><testcase classname="Tribler.Test.Core.TorrentChecker.test_torrentchecker.TestTorrentChecker" name="test_add_gui_request_no_trackers" time="0.224"></testcase><testcase classname="Tribler.Test.Core.TorrentChecker.test_torrentchecker.TestTorrentChecker" name="test_initialize" time="0.230"></testcase><testcase classname="Tribler.Test.Core.TorrentChecker.test_torrentchecker.TestTorrentChecker" name="test_reschedule_tracker_select" time="0.235"></testcase><testcase classname="Tribler.Test.Core.TorrentChecker.test_torrentchecker.TestTorrentChecker" name="test_task_select_no_tracker" time="0.239"></testcase><testcase classname="Tribler.Test.Core.TorrentChecker.test_torrentchecker.TestTorrentChecker" name="test_task_select_tracker" time="0.245"></testcase><testcase classname="Tribler.Test.Core.TorrentChecker.test_torrentchecker.TestTorrentChecker" name="test_tracker_no_infohashes" time="0.243"></testcase><testcase classname="Tribler.Test.Core.TorrentChecker.test_torrentchecker.TestTorrentChecker" name="test_tracker_test_error_resolve" time="0.206"></testcase><testcase classname="Tribler.Test.Core.TorrentChecker.test_torrentchecker_session.TestDHTSession" name="test_cleanup" time="0.255"></testcase><testcase classname="Tribler.Test.Core.TorrentChecker.test_torrentchecker_session.TestDHTSession" name="test_connect_to_tracker" time="0.251"></testcase><testcase classname="Tribler.Test.Core.TorrentChecker.test_torrentchecker_session.TestDHTSession" name="test_metainfo_timeout" time="0.211"></testcase><testcase classname="Tribler.Test.Core.TorrentChecker.test_torrentchecker_session.TestDHTSession" name="test_methods" time="0.238"></testcase><testcase classname="Tribler.Test.Core.TorrentChecker.test_torrentchecker_session.TestTorrentCheckerSession" name="test_big_correct_run" time="0.224"></testcase><testcase classname="Tribler.Test.Core.TorrentChecker.test_torrentchecker_session.TestTorrentCheckerSession" name="test_http_unprocessed_infohashes" time="0.221"></testcase><testcase classname="Tribler.Test.Core.TorrentChecker.test_torrentchecker_session.TestTorrentCheckerSession" name="test_httpsession_bdecode_fails" time="0.221"></testcase><testcase classname="Tribler.Test.Core.TorrentChecker.test_torrentchecker_session.TestTorrentCheckerSession" name="test_httpsession_cancel_operation" time="0.224"></testcase><testcase classname="Tribler.Test.Core.TorrentChecker.test_torrentchecker_session.TestTorrentCheckerSession" name="test_httpsession_code_not_200" time="0.221"></testcase><testcase classname="Tribler.Test.Core.TorrentChecker.test_torrentchecker_session.TestTorrentCheckerSession" name="test_httpsession_failure_reason_in_dict" time="0.222"></testcase><testcase classname="Tribler.Test.Core.TorrentChecker.test_torrentchecker_session.TestTorrentCheckerSession" name="test_httpsession_scrape_no_body" time="0.222"></testcase><testcase classname="Tribler.Test.Core.TorrentChecker.test_torrentchecker_session.TestTorrentCheckerSession" name="test_udp_scraper_stop_no_connection" time="0.229"></testcase><testcase classname="Tribler.Test.Core.TorrentChecker.test_torrentchecker_session.TestTorrentCheckerSession" name="test_udpsession_cancel_operation" time="0.229"></testcase><testcase classname="Tribler.Test.Core.TorrentChecker.test_torrentchecker_session.TestTorrentCheckerSession" name="test_udpsession_correct_handle" time="0.238"></testcase><testcase classname="Tribler.Test.Core.TorrentChecker.test_torrentchecker_session.TestTorrentCheckerSession" name="test_udpsession_handle_connection_wrong_action_transaction" time="0.224"></testcase><testcase classname="Tribler.Test.Core.TorrentChecker.test_torrentchecker_session.TestTorrentCheckerSession" name="test_udpsession_handle_packet" time="0.221"></testcase><testcase classname="Tribler.Test.Core.TorrentChecker.test_torrentchecker_session.TestTorrentCheckerSession" name="test_udpsession_handle_response_wrong_len" time="0.223"></testcase><testcase classname="Tribler.Test.Core.TorrentChecker.test_torrentchecker_session.TestTorrentCheckerSession" name="test_udpsession_handle_wrong_action_transaction" time="0.221"></testcase><testcase classname="Tribler.Test.Core.TorrentChecker.test_torrentchecker_session.TestTorrentCheckerSession" name="test_udpsession_mismatch" time="0.221"></testcase><testcase classname="Tribler.Test.Core.TorrentChecker.test_torrentchecker_session.TestTorrentCheckerSession" name="test_udpsession_on_error" time="0.226"></testcase><testcase classname="Tribler.Test.Core.TorrentChecker.test_torrentchecker_session.TestTorrentCheckerSession" name="test_udpsession_response_list_len_mismatch" time="0.224"></testcase><testcase classname="Tribler.Test.Core.TorrentChecker.test_torrentchecker_session.TestTorrentCheckerSession" name="test_udpsession_response_too_short" time="0.222"></testcase><testcase classname="Tribler.Test.Core.TorrentChecker.test_torrentchecker_session.TestTorrentCheckerSession" name="test_udpsession_response_wrong_transaction_id" time="0.222"></testcase><testcase classname="Tribler.Test.Core.TorrentChecker.test_torrentchecker_session.TestTorrentCheckerSession" name="test_udpsession_udp_tracker_connection_refused" time="0.226"></testcase><testcase classname="Tribler.Test.Core.TorrentChecker.test_torrentchecker_session.TestTorrentCheckerSession" name="test_udpsession_udp_tracker_timeout" time="0.224"></testcase><testcase classname="Tribler.Test.Core.Upgrade.test_db_upgrader.TestDBUpgrader" name="test_reimport_torrents" time="0.218"></testcase><testcase classname="Tribler.Test.Core.Upgrade.test_db_upgrader.TestDBUpgrader" name="test_upgrade_17_to_latest" time="0.248"></testcase><testcase classname="Tribler.Test.Core.Upgrade.test_db_upgrader.TestDBUpgrader" name="test_upgrade_17_to_latest_no_dispersy" time="0.219"></testcase><testcase classname="Tribler.Test.Core.Upgrade.test_db_upgrader.TestDBUpgrader" name="test_upgrade_from_obsolete_version" time="0.254"></testcase><testcase classname="Tribler.Test.Core.Upgrade.test_db_upgrader.TestDBUpgrader" name="test_upgrade_wrong_version" time="0.250"></testcase><testcase classname="Tribler.Test.Core.Upgrade.test_pickle_converter.TestPickleConverter" name="test_convert_default_download_config" time="0.223"></testcase><testcase classname="Tribler.Test.Core.Upgrade.test_pickle_converter.TestPickleConverter" name="test_convert_download_checkpoints" time="0.224"></testcase><testcase classname="Tribler.Test.Core.Upgrade.test_pickle_converter.TestPickleConverter" name="test_convert_main_config" time="0.224"></testcase><testcase classname="Tribler.Test.Core.Upgrade.test_pickle_converter.TestPickleConverter" name="test_convert_session_config" time="0.225"></testcase><testcase classname="Tribler.Test.Core.Upgrade.test_torrent_upgrade_63_64.TestUpgrade63to64" name="test_upgrade_dispersy" time="0.234"></testcase><testcase classname="Tribler.Test.Core.Upgrade.test_torrent_upgrade_63_64.TestUpgrade63to64" name="test_upgrade_dispersy_no_database" time="0.225"></testcase><testcase classname="Tribler.Test.Core.Upgrade.test_torrent_upgrade_63_64.TestUpgrade63to64" name="test_upgrade_empty_torrent_dir" time="0.226"></testcase><testcase classname="Tribler.Test.Core.Upgrade.test_torrent_upgrade_63_64.TestUpgrade63to64" name="test_upgrade_migration_dir_already_exists" time="0.229"></testcase><testcase classname="Tribler.Test.Core.Upgrade.test_torrent_upgrade_63_64.TestUpgrade63to64" name="test_upgrade_no_valid_basedir" time="0.225"></testcase><testcase classname="Tribler.Test.Core.Upgrade.test_torrent_upgrade_63_64.TestUpgrade63to64" name="test_upgrade_no_valid_torrent_collecting_dir" time="0.226"></testcase><testcase classname="Tribler.Test.Core.Upgrade.test_torrent_upgrade_63_64.TestUpgrade63to64" name="test_upgrade_success" time="0.237"></testcase><testcase classname="Tribler.Test.Core.Upgrade.test_torrent_upgrade_63_64.TestUpgrade63to64" name="test_upgrade_swift_reseeds_dir_no_dir" time="0.229"></testcase><testcase classname="Tribler.Test.Core.Upgrade.test_torrent_upgrade_63_64.TestUpgrade63to64" name="test_upgrade_temp_torrent_dir_is_file" time="0.228"></testcase><testcase classname="Tribler.Test.Core.Upgrade.test_torrent_upgrade_63_64.TestUpgrade63to64" name="test_upgrade_torrent_tcd_file_exists" time="0.228"></testcase><testcase classname="Tribler.Test.Core.Upgrade.test_torrent_upgrade_64_65.TestTorrentUpgrade63to64" name="test_torrent_collecting_dir_no_dir" time="0.241"></testcase><testcase classname="Tribler.Test.Core.Upgrade.test_torrent_upgrade_64_65.TestTorrentUpgrade63to64" name="test_upgrade_success" time="0.247"></testcase><testcase classname="Tribler.Test.Core.Upgrade.test_upgrader.TestUpgrader" name="test_run" time="0.228"></testcase><testcase classname="Tribler.Test.Core.Upgrade.test_upgrader.TestUpgrader" name="test_should_upgrade" time="0.247"></testcase><testcase classname="Tribler.Test.Core.Upgrade.test_upgrader.TestUpgrader" name="test_stash_database" time="0.226"></testcase><testcase classname="Tribler.Test.Core.Upgrade.test_upgrader.TestUpgrader" name="test_update_status_text" time="0.252"></testcase><testcase classname="Tribler.Test.Core.Upgrade.test_upgrader.TestUpgrader" name="test_upgrade_with_upgrader_enabled" time="0.246"></testcase><testcase classname="Tribler.Test.Core.Upgrade.test_upgrader.TestUpgraderDisabled" name="test_upgrade_with_upgrader_disabled" time="0.243"></testcase><testcase classname="Tribler.Test.Core.Utilities.test_maketorrent.TestMakeTorrent" name="test_pathlist2filename_not_utf8" time="0.004"></testcase><testcase classname="Tribler.Test.Core.Utilities.test_maketorrent.TestMakeTorrent" name="test_pathlist2filename_utf8" time="0.000"></testcase><testcase classname="Tribler.Test.Core.Video.test_video_server.TestVideoServer" name="test_get_vod_dest_dir" time="0.222"></testcase><testcase classname="Tribler.Test.Core.Video.test_video_server.TestVideoServer" name="test_get_vod_stream" time="0.222"></testcase><testcase classname="Tribler.Test.Core.Video.test_video_server.TestVideoServerSession" name="test_combined" time="2.212"></testcase><testcase classname="Tribler.Test.Core.Video.test_video_server.TestVideoServerSession" name="test_first_100" time="2.257"></testcase><testcase classname="Tribler.Test.Core.Video.test_video_server.TestVideoServerSession" name="test_last_100" time="2.218"></testcase><testcase classname="Tribler.Test.Core.Video.test_video_server.TestVideoServerSession" name="test_specific_range" time="2.260"></testcase><testcase classname="Tribler.Test.Core.Video.test_vod.TestVideoOnDemand" name="test_100" time="2.254"></testcase><testcase classname="Tribler.Test.Core.Video.test_vod.TestVideoOnDemand" name="test_101" time="2.223"></testcase><testcase classname="Tribler.Test.Core.Video.test_vod.TestVideoOnDemand" name="test_99" time="2.256"></testcase><testcase classname="Tribler.Test.Core.test_api_misc_utils.TriblerCoreTestMiscUtils" name="test_offset2piece" time="0.222"></testcase><testcase classname="Tribler.Test.Core.test_configparser.TestConfigParser" name="test_configparser_config1" time="0.227"></testcase><testcase classname="Tribler.Test.Core.test_configparser.TestConfigParser" name="test_configparser_copy" time="0.225"></testcase><testcase classname="Tribler.Test.Core.test_configparser.TestConfigParser" name="test_configparser_false_callback" time="0.226"></testcase><testcase classname="Tribler.Test.Core.test_configparser.TestConfigParser" name="test_configparser_set_callback" time="0.223"></testcase><testcase classname="Tribler.Test.Core.test_configparser.TestConfigParser" name="test_configparser_write_file" time="0.232"></testcase><testcase classname="Tribler.Test.Core.test_configparser.TestConfigParser" name="test_configparser_write_file_defaults" time="0.222"></testcase><testcase classname="Tribler.Test.Core.test_downloadconfig.TestConfigParser" name="test_default_download_startup_config_init" time="0.222"></testcase><testcase classname="Tribler.Test.Core.test_downloadconfig.TestConfigParser" name="test_default_download_startup_config_load" time="0.225"></testcase><testcase classname="Tribler.Test.Core.test_downloadconfig.TestConfigParser" name="test_downloadconfig" time="0.223"></testcase><testcase classname="Tribler.Test.Core.test_downloadconfig.TestConfigParser" name="test_downloadconfig_copy" time="0.224"></testcase><testcase classname="Tribler.Test.Core.test_downloadconfig.TestConfigParser" name="test_downloadconfig_set_vod_multiple_files" time="0.221"></testcase><testcase classname="Tribler.Test.Core.test_downloadconfig.TestConfigParser" name="test_downloadstartupconfig_copy" time="0.223"></testcase><testcase classname="Tribler.Test.Core.test_downloadconfig.TestConfigParser" name="test_get_default_dest_dir" time="0.220"></testcase><testcase classname="Tribler.Test.Core.test_downloadconfig.TestConfigParser" name="test_startup_download_load_corrupt" time="0.222"></testcase><testcase classname="Tribler.Test.Core.test_downloadconfig.TestConfigParser" name="test_startup_download_save_load" time="0.224"></testcase><testcase classname="Tribler.Test.Core.test_downloadstate.TestDownloadState" name="test_get_availability" time="0.222"></testcase><testcase classname="Tribler.Test.Core.test_downloadstate.TestDownloadState" name="test_get_files_completion" time="0.221"></testcase><testcase classname="Tribler.Test.Core.test_downloadstate.TestDownloadState" name="test_getters_setters_1" time="0.222"></testcase><testcase classname="Tribler.Test.Core.test_downloadstate.TestDownloadState" name="test_getters_setters_2" time="0.223"></testcase><testcase classname="Tribler.Test.Core.test_downloadstate.TestDownloadState" name="test_init" time="0.223"></testcase><testcase classname="Tribler.Test.Core.test_encoding.TriblerCoreTestUnicode" name="test_a_decode_bytes" time="0.222"></testcase><testcase classname="Tribler.Test.Core.test_encoding.TriblerCoreTestUnicode" name="test_a_decode_bytes_outrange" time="0.224"></testcase><testcase classname="Tribler.Test.Core.test_encoding.TriblerCoreTestUnicode" name="test_a_decode_dictionary" time="0.222"></testcase><testcase classname="Tribler.Test.Core.test_encoding.TriblerCoreTestUnicode" name="test_a_decode_dictionary_dupkey" time="0.222"></testcase><testcase classname="Tribler.Test.Core.test_encoding.TriblerCoreTestUnicode" name="test_a_decode_false" time="0.221"></testcase><testcase classname="Tribler.Test.Core.test_encoding.TriblerCoreTestUnicode" name="test_a_decode_false_nonzero_count" time="0.220"></testcase><testcase classname="Tribler.Test.Core.test_encoding.TriblerCoreTestUnicode" name="test_a_decode_float" time="0.221"></testcase><testcase classname="Tribler.Test.Core.test_encoding.TriblerCoreTestUnicode" name="test_a_decode_int" time="0.222"></testcase><testcase classname="Tribler.Test.Core.test_encoding.TriblerCoreTestUnicode" name="test_a_decode_list" time="0.222"></testcase><testcase classname="Tribler.Test.Core.test_encoding.TriblerCoreTestUnicode" name="test_a_decode_long" time="0.221"></testcase><testcase classname="Tribler.Test.Core.test_encoding.TriblerCoreTestUnicode" name="test_a_decode_none" time="0.222"></testcase><testcase classname="Tribler.Test.Core.test_encoding.TriblerCoreTestUnicode" name="test_a_decode_none_nonzero_count" time="0.222"></testcase><testcase classname="Tribler.Test.Core.test_encoding.TriblerCoreTestUnicode" name="test_a_decode_set" time="0.221"></testcase><testcase classname="Tribler.Test.Core.test_encoding.TriblerCoreTestUnicode" name="test_a_decode_true" time="0.221"></testcase><testcase classname="Tribler.Test.Core.test_encoding.TriblerCoreTestUnicode" name="test_a_decode_true_nonzero_count" time="0.220"></testcase><testcase classname="Tribler.Test.Core.test_encoding.TriblerCoreTestUnicode" name="test_a_decode_tuple" time="0.221"></testcase><testcase classname="Tribler.Test.Core.test_encoding.TriblerCoreTestUnicode" name="test_a_decode_unicode" time="0.222"></testcase><testcase classname="Tribler.Test.Core.test_encoding.TriblerCoreTestUnicode" name="test_a_decode_unicode_outrange" time="0.221"></testcase><testcase classname="Tribler.Test.Core.test_encoding.TriblerCoreTestUnicode" name="test_a_encode_bool" time="0.221"></testcase><testcase classname="Tribler.Test.Core.test_encoding.TriblerCoreTestUnicode" name="test_a_encode_bytes" time="0.222"></testcase><testcase classname="Tribler.Test.Core.test_encoding.TriblerCoreTestUnicode" name="test_a_encode_bytes_wrong_type" time="0.222"></testcase><testcase classname="Tribler.Test.Core.test_encoding.TriblerCoreTestUnicode" name="test_a_encode_dictionary" time="0.221"></testcase><testcase classname="Tribler.Test.Core.test_encoding.TriblerCoreTestUnicode" name="test_a_encode_dictionary_wrong_type" time="0.221"></testcase><testcase classname="Tribler.Test.Core.test_encoding.TriblerCoreTestUnicode" name="test_a_encode_float" time="0.221"></testcase><testcase classname="Tribler.Test.Core.test_encoding.TriblerCoreTestUnicode" name="test_a_encode_float_wrong_type" time="0.223"></testcase><testcase classname="Tribler.Test.Core.test_encoding.TriblerCoreTestUnicode" name="test_a_encode_int" time="0.222"></testcase><testcase classname="Tribler.Test.Core.test_encoding.TriblerCoreTestUnicode" name="test_a_encode_int_wrong_type" time="0.221"></testcase><testcase classname="Tribler.Test.Core.test_encoding.TriblerCoreTestUnicode" name="test_a_encode_list" time="0.221"></testcase><testcase classname="Tribler.Test.Core.test_encoding.TriblerCoreTestUnicode" name="test_a_encode_list_wrong_type" time="0.222"></testcase><testcase classname="Tribler.Test.Core.test_encoding.TriblerCoreTestUnicode" name="test_a_encode_long" time="0.222"></testcase><testcase classname="Tribler.Test.Core.test_encoding.TriblerCoreTestUnicode" name="test_a_encode_long_wrong_type" time="0.222"></testcase><testcase classname="Tribler.Test.Core.test_encoding.TriblerCoreTestUnicode" name="test_a_encode_none" time="0.221"></testcase><testcase classname="Tribler.Test.Core.test_encoding.TriblerCoreTestUnicode" name="test_a_encode_set" time="0.221"></testcase><testcase classname="Tribler.Test.Core.test_encoding.TriblerCoreTestUnicode" name="test_a_encode_set_wrong_type" time="0.221"></testcase><testcase classname="Tribler.Test.Core.test_encoding.TriblerCoreTestUnicode" name="test_a_encode_tuple" time="0.222"></testcase><testcase classname="Tribler.Test.Core.test_encoding.TriblerCoreTestUnicode" name="test_a_encode_tuple_wrong_type" time="0.221"></testcase><testcase classname="Tribler.Test.Core.test_encoding.TriblerCoreTestUnicode" name="test_a_encode_unicode" time="0.220"></testcase><testcase classname="Tribler.Test.Core.test_encoding.TriblerCoreTestUnicode" name="test_a_encode_unicode_wrong_type" time="0.220"></testcase><testcase classname="Tribler.Test.Core.test_encoding.TriblerCoreTestUnicode" name="test_bytes_to_uint" time="0.222"></testcase><testcase classname="Tribler.Test.Core.test_encoding.TriblerCoreTestUnicode" name="test_decode" time="0.220"></testcase><testcase classname="Tribler.Test.Core.test_encoding.TriblerCoreTestUnicode" name="test_decode_wrong_offset_type" time="0.221"></t
[...]
" name="test_set_trackers" time="0.001"></testcase><testcase classname="Tribler.Test.Core.test_torrent_def.TestTorrentDef" name="test_set_trackers_no_list_hierarchy" time="0.001"></testcase><testcase classname="Tribler.Test.Core.test_torrent_def.TestTorrentDef" name="test_set_trackers_no_list_tier" time="0.001"></testcase><testcase classname="Tribler.Test.Core.test_torrent_def.TestTorrentDef" name="test_set_urllist_urls" time="0.001"></testcase><testcase classname="Tribler.Test.Core.test_torrent_def.TestTorrentDef" name="test_set_urllist_wrong_url" time="0.001"></testcase><testcase classname="Tribler.Test.Core.test_torrent_def.TestTorrentDef" name="test_torrent_encoding" time="0.001"></testcase><testcase classname="Tribler.Test.Core.test_torrent_def.TestTorrentDef" name="test_torrent_no_metainfo" time="0.002"></testcase><testcase classname="Tribler.Test.Core.test_torrent_utils.TriblerCoreTestTorrentUtils" name="test_create_torrent_one_file" time="0.220"></testcase><testcase classname="Tribler.Test.Core.test_torrent_utils.TriblerCoreTestTorrentUtils" name="test_create_torrent_one_file_2" time="0.221"></testcase><testcase classname="Tribler.Test.Core.test_torrent_utils.TriblerCoreTestTorrentUtils" name="test_create_torrent_two_files" time="0.223"></testcase><testcase classname="Tribler.Test.Core.test_torrent_utils.TriblerCoreTestTorrentUtils" name="test_create_torrent_with_nodes" time="0.222"></testcase><testcase classname="Tribler.Test.Core.test_tracker_utils.TriblerCoreTestTrackerUtils" name="test_get_uniformed_tracker_url" time="0.222"></testcase><testcase classname="Tribler.Test.Core.test_tracker_utils.TriblerCoreTestTrackerUtils" name="test_parse_tracker_url" time="0.222"></testcase><testcase classname="Tribler.Test.Core.test_tracker_utils.TriblerCoreTestTrackerUtils" name="test_parse_tracker_url_wrong_type_1" time="0.222"></testcase><testcase classname="Tribler.Test.Core.test_tracker_utils.TriblerCoreTestTrackerUtils" name="test_parse_tracker_url_wrong_type_2" time="0.222"></testcase><testcase classname="Tribler.Test.Core.test_tracker_utils.TriblerCoreTestTrackerUtils" name="test_parse_tracker_url_wrong_type_3" time="0.222"></testcase><testcase classname="Tribler.Test.Core.test_tracker_utils.TriblerCoreTestTrackerUtils" name="test_parse_tracker_url_wrong_type_4" time="0.222"></testcase><testcase classname="Tribler.Test.Core.test_unicode.TriblerCoreTestUnicode" name="test_unicode_binary_1" time="0.222"></testcase><testcase classname="Tribler.Test.Core.test_unicode.TriblerCoreTestUnicode" name="test_unicode_binary_2" time="0.222"></testcase><testcase classname="Tribler.Test.Core.test_unicode.TriblerCoreTestUnicode" name="test_unicode_binary_3" time="0.222"></testcase><testcase classname="Tribler.Test.Core.test_unicode.TriblerCoreTestUnicode" name="test_unicode_binary_4" time="0.220"></testcase><testcase classname="Tribler.Test.Core.test_unicode.TriblerCoreTestUnicode" name="test_unicode_binary_5" time="0.221"></testcase><testcase classname="Tribler.Test.Core.test_unicode.TriblerCoreTestUnicode" name="test_unicode_dunno_1" time="0.220"></testcase><testcase classname="Tribler.Test.Core.test_unicode.TriblerCoreTestUnicode" name="test_unicode_dunno_2" time="0.220"></testcase><testcase classname="Tribler.Test.Core.test_unicode.TriblerCoreTestUnicode" name="test_unicode_dunno_3" time="0.220"></testcase><testcase classname="Tribler.Test.Core.test_unicode.TriblerCoreTestUnicode" name="test_unicode_string_1" time="0.221"></testcase><testcase classname="Tribler.Test.Core.test_unicode.TriblerCoreTestUnicode" name="test_unicode_string_2" time="0.221"></testcase><testcase classname="Tribler.Test.Core.test_utilities.TriblerCoreTestUtilities" name="test_add_url_param_clean" time="0.221"></testcase><testcase classname="Tribler.Test.Core.test_utilities.TriblerCoreTestUtilities" name="test_add_url_param_some_present" time="0.220"></testcase><testcase classname="Tribler.Test.Core.test_utilities.TriblerCoreTestUtilities" name="test_is_valid_torrent_file" time="0.223"></testcase><testcase classname="Tribler.Test.Core.test_utilities.TriblerCoreTestUtilities" name="test_is_valid_torrent_file_invalid" time="0.222"></testcase><testcase classname="Tribler.Test.Core.test_utilities.TriblerCoreTestUtilities" name="test_parse_magnetlink_nomagnet" time="0.220"></testcase><testcase classname="Tribler.Test.Core.test_utilities.TriblerCoreTestUtilities" name="test_parse_magnetlink_valid" time="0.223"></testcase><testcase classname="Tribler.Test.Core.test_utilities.TriblerCoreTestUtilities" name="test_valid_torrent_file_announce_dht_invalid_url" time="0.222"></testcase><testcase classname="Tribler.Test.Core.test_utilities.TriblerCoreTestUtilities" name="test_valid_torrent_file_announce_invalid_url" time="0.220"></testcase><testcase classname="Tribler.Test.Core.test_utilities.TriblerCoreTestUtilities" name="test_valid_torrent_file_announce_list_correct" time="0.221"></testcase><testcase classname="Tribler.Test.Core.test_utilities.TriblerCoreTestUtilities" name="test_valid_torrent_file_announce_list_empty" time="0.220"></testcase><testcase classname="Tribler.Test.Core.test_utilities.TriblerCoreTestUtilities" name="test_valid_torrent_file_announce_list_list_wrong_type" time="0.221"></testcase><testcase classname="Tribler.Test.Core.test_utilities.TriblerCoreTestUtilities" name="test_valid_torrent_file_announce_list_wrong_type" time="0.222"></testcase><testcase classname="Tribler.Test.Core.test_utilities.TriblerCoreTestUtilities" name="test_valid_torrent_file_both_length_files" time="0.222"></testcase><testcase classname="Tribler.Test.Core.test_utilities.TriblerCoreTestUtilities" name="test_valid_torrent_file_empty_nodes" time="0.222"></testcase><testcase classname="Tribler.Test.Core.test_utilities.TriblerCoreTestUtilities" name="test_valid_torrent_file_httpseeds_empty" time="0.221"></testcase><testcase classname="Tribler.Test.Core.test_utilities.TriblerCoreTestUtilities" name="test_valid_torrent_file_httpseeds_invalid_url" time="0.222"></testcase><testcase classname="Tribler.Test.Core.test_utilities.TriblerCoreTestUtilities" name="test_valid_torrent_file_httpseeds_valid_url" time="0.222"></testcase><testcase classname="Tribler.Test.Core.test_utilities.TriblerCoreTestUtilities" name="test_valid_torrent_file_httpseeds_wrong_type" time="0.221"></testcase><testcase classname="Tribler.Test.Core.test_utilities.TriblerCoreTestUtilities" name="test_valid_torrent_file_info_files_empty_path" time="0.221"></testcase><testcase classname="Tribler.Test.Core.test_utilities.TriblerCoreTestUtilities" name="test_valid_torrent_file_info_files_length_wrong_type" time="0.222"></testcase><testcase classname="Tribler.Test.Core.test_utilities.TriblerCoreTestUtilities" name="test_valid_torrent_file_info_files_missing_path" time="0.220"></testcase><testcase classname="Tribler.Test.Core.test_utilities.TriblerCoreTestUtilities" name="test_valid_torrent_file_info_files_path_correct" time="0.221"></testcase><testcase classname="Tribler.Test.Core.test_utilities.TriblerCoreTestUtilities" name="test_valid_torrent_file_info_files_path_list_wrong_type" time="0.221"></testcase><testcase classname="Tribler.Test.Core.test_utilities.TriblerCoreTestUtilities" name="test_valid_torrent_file_info_files_path_wrong_type" time="0.221"></testcase><testcase classname="Tribler.Test.Core.test_utilities.TriblerCoreTestUtilities" name="test_valid_torrent_file_info_files_wrong_type" time="0.222"></testcase><testcase classname="Tribler.Test.Core.test_utilities.TriblerCoreTestUtilities" name="test_valid_torrent_file_info_length_wrong_type" time="0.223"></testcase><testcase classname="Tribler.Test.Core.test_utilities.TriblerCoreTestUtilities" name="test_valid_torrent_file_info_name_wrong_type" time="0.221"></testcase><testcase classname="Tribler.Test.Core.test_utilities.TriblerCoreTestUtilities" name="test_valid_torrent_file_info_no_files" time="0.221"></testcase><testcase classname="Tribler.Test.Core.test_utilities.TriblerCoreTestUtilities" name="test_valid_torrent_file_info_piece_size_wrong_type" time="0.222"></testcase><testcase classname="Tribler.Test.Core.test_utilities.TriblerCoreTestUtilities" name="test_valid_torrent_file_info_pieces_wrong_type" time="0.222"></testcase><testcase classname="Tribler.Test.Core.test_utilities.TriblerCoreTestUtilities" name="test_valid_torrent_file_info_type" time="0.222"></testcase><testcase classname="Tribler.Test.Core.test_utilities.TriblerCoreTestUtilities" name="test_valid_torrent_file_info_wrong_type" time="0.222"></testcase><testcase classname="Tribler.Test.Core.test_utilities.TriblerCoreTestUtilities" name="test_valid_torrent_file_initial_peers_address_wrong_type" time="0.221"></testcase><testcase classname="Tribler.Test.Core.test_utilities.TriblerCoreTestUtilities" name="test_valid_torrent_file_initial_peers_host_wrong_type" time="0.222"></testcase><testcase classname="Tribler.Test.Core.test_utilities.TriblerCoreTestUtilities" name="test_valid_torrent_file_initial_peers_port_wrong_type" time="0.221"></testcase><testcase classname="Tribler.Test.Core.test_utilities.TriblerCoreTestUtilities" name="test_valid_torrent_file_initial_peers_wrong_type" time="0.221"></testcase><testcase classname="Tribler.Test.Core.test_utilities.TriblerCoreTestUtilities" name="test_valid_torrent_file_invalid_metainfo_type" time="0.222"></testcase><testcase classname="Tribler.Test.Core.test_utilities.TriblerCoreTestUtilities" name="test_valid_torrent_file_no_info" time="0.222"></testcase><testcase classname="Tribler.Test.Core.test_utilities.TriblerCoreTestUtilities" name="test_valid_torrent_file_nodes_invalid_host_type" time="0.222"></testcase><testcase classname="Tribler.Test.Core.test_utilities.TriblerCoreTestUtilities" name="test_valid_torrent_file_nodes_invalid_length" time="0.222"></testcase><testcase classname="Tribler.Test.Core.test_utilities.TriblerCoreTestUtilities" name="test_valid_torrent_file_nodes_invalid_node_type" time="0.222"></testcase><testcase classname="Tribler.Test.Core.test_utilities.TriblerCoreTestUtilities" name="test_valid_torrent_file_nodes_invalid_port_type" time="0.222"></testcase><testcase classname="Tribler.Test.Core.test_utilities.TriblerCoreTestUtilities" name="test_valid_torrent_file_nodes_invalid_type" time="0.222"></testcase><testcase classname="Tribler.Test.Core.test_utilities.TriblerCoreTestUtilities" name="test_valid_torrent_file_root_hash" time="0.222"></testcase><testcase classname="Tribler.Test.Core.test_utilities.TriblerCoreTestUtilities" name="test_valid_torrent_file_root_hash_wrong_length" time="0.222"></testcase><testcase classname="Tribler.Test.Core.test_utilities.TriblerCoreTestUtilities" name="test_valid_torrent_file_url_list_empty" time="0.222"></testcase><testcase classname="Tribler.Test.Core.test_utilities.TriblerCoreTestUtilities" name="test_valid_torrent_file_url_list_files" time="0.221"></testcase><testcase classname="Tribler.Test.Core.test_utilities.TriblerCoreTestUtilities" name="test_valid_torrent_file_url_list_invalid_url" time="0.221"></testcase><testcase classname="Tribler.Test.Core.test_utilities.TriblerCoreTestUtilities" name="test_valid_torrent_file_url_list_string" time="0.220"></testcase><testcase classname="Tribler.Test.Core.test_utilities.TriblerCoreTestUtilities" name="test_valid_torrent_file_url_list_valid_url" time="0.221"></testcase><testcase classname="Tribler.Test.Core.test_utilities.TriblerCoreTestUtilities" name="test_valid_torrent_file_url_list_wrong_type" time="0.222"></testcase><testcase classname="Tribler.Test.Core.test_utilities.TriblerCoreTestUtilities" name="test_valid_torrent_file_valid_node" time="0.221"></testcase><testcase classname="Tribler.Test.Core.test_utilities.TriblerCoreTestUtilities" name="test_valid_torrent_root_hash" time="0.221"></testcase><testcase classname="Tribler.Test.Core.test_win32regchecker.TriblerCoreTestInstallDir" name="test_win32regchecker" time="0.222"></testcase><testcase classname="Tribler.Test.GUI.test_gui.TriblerGUITest" name="test_add_download_url" time="0.000"><skipped type="unittest.case.SkipTest" message="Not testing the GUI by default"><![CDATA[SkipTest: Not testing the GUI by default
]]></skipped></testcase><testcase classname="Tribler.Test.GUI.test_gui.TriblerGUITest" name="test_add_remove_refresh_rssfeed" time="0.000"><skipped type="unittest.case.SkipTest" message="Not testing the GUI by default"><![CDATA[SkipTest: Not testing the GUI by default
]]></skipped></testcase><testcase classname="Tribler.Test.GUI.test_gui.TriblerGUITest" name="test_channel_playlist" time="0.000"><skipped type="unittest.case.SkipTest" message="Not testing the GUI by default"><![CDATA[SkipTest: Not testing the GUI by default
]]></skipped></testcase><testcase classname="Tribler.Test.GUI.test_gui.TriblerGUITest" name="test_create_remove_playlist" time="0.000"><skipped type="unittest.case.SkipTest" message="Not testing the GUI by default"><![CDATA[SkipTest: Not testing the GUI by default
]]></skipped></testcase><testcase classname="Tribler.Test.GUI.test_gui.TriblerGUITest" name="test_create_torrent" time="0.000"><skipped type="unittest.case.SkipTest" message="Not testing the GUI by default"><![CDATA[SkipTest: Not testing the GUI by default
]]></skipped></testcase><testcase classname="Tribler.Test.GUI.test_gui.TriblerGUITest" name="test_debug_pane" time="0.000"><skipped type="unittest.case.SkipTest" message="Not testing the GUI by default"><![CDATA[SkipTest: Not testing the GUI by default
]]></skipped></testcase><testcase classname="Tribler.Test.GUI.test_gui.TriblerGUITest" name="test_discovered_page" time="0.000"><skipped type="unittest.case.SkipTest" message="Not testing the GUI by default"><![CDATA[SkipTest: Not testing the GUI by default
]]></skipped></testcase><testcase classname="Tribler.Test.GUI.test_gui.TriblerGUITest" name="test_download_details" time="0.000"><skipped type="unittest.case.SkipTest" message="Not testing the GUI by default"><![CDATA[SkipTest: Not testing the GUI by default
]]></skipped></testcase><testcase classname="Tribler.Test.GUI.test_gui.TriblerGUITest" name="test_download_start_stop_remove_recheck" time="0.000"><skipped type="unittest.case.SkipTest" message="Not testing the GUI by default"><![CDATA[SkipTest: Not testing the GUI by default
]]></skipped></testcase><testcase classname="Tribler.Test.GUI.test_gui.TriblerGUITest" name="test_downloads" time="0.000"><skipped type="unittest.case.SkipTest" message="Not testing the GUI by default"><![CDATA[SkipTest: Not testing the GUI by default
]]></skipped></testcase><testcase classname="Tribler.Test.GUI.test_gui.TriblerGUITest" name="test_edit_channel_overview" time="0.000"><skipped type="unittest.case.SkipTest" message="Not testing the GUI by default"><![CDATA[SkipTest: Not testing the GUI by default
]]></skipped></testcase><testcase classname="Tribler.Test.GUI.test_gui.TriblerGUITest" name="test_edit_channel_playlists" time="0.000"><skipped type="unittest.case.SkipTest" message="Not testing the GUI by default"><![CDATA[SkipTest: Not testing the GUI by default
]]></skipped></testcase><testcase classname="Tribler.Test.GUI.test_gui.TriblerGUITest" name="test_edit_channel_rssfeeds" time="0.000"><skipped type="unittest.case.SkipTest" message="Not testing the GUI by default"><![CDATA[SkipTest: Not testing the GUI by default
]]></skipped></testcase><testcase classname="Tribler.Test.GUI.test_gui.TriblerGUITest" name="test_edit_channel_settings" time="0.000"><skipped type="unittest.case.SkipTest" message="Not testing the GUI by default"><![CDATA[SkipTest: Not testing the GUI by default
]]></skipped></testcase><testcase classname="Tribler.Test.GUI.test_gui.TriblerGUITest" name="test_edit_channel_torrents" time="0.000"><skipped type="unittest.case.SkipTest" message="Not testing the GUI by default"><![CDATA[SkipTest: Not testing the GUI by default
]]></skipped></testcase><testcase classname="Tribler.Test.GUI.test_gui.TriblerGUITest" name="test_edit_playlist" time="0.000"><skipped type="unittest.case.SkipTest" message="Not testing the GUI by default"><![CDATA[SkipTest: Not testing the GUI by default
]]></skipped></testcase><testcase classname="Tribler.Test.GUI.test_gui.TriblerGUITest" name="test_feedback_dialog" time="0.000"><skipped type="unittest.case.SkipTest" message="Not testing the GUI by default"><![CDATA[SkipTest: Not testing the GUI by default
]]></skipped></testcase><testcase classname="Tribler.Test.GUI.test_gui.TriblerGUITest" name="test_home_page_channels" time="0.000"><skipped type="unittest.case.SkipTest" message="Not testing the GUI by default"><![CDATA[SkipTest: Not testing the GUI by default
]]></skipped></testcase><testcase classname="Tribler.Test.GUI.test_gui.TriblerGUITest" name="test_home_page_torrents" time="0.000"><skipped type="unittest.case.SkipTest" message="Not testing the GUI by default"><![CDATA[SkipTest: Not testing the GUI by default
]]></skipped></testcase><testcase classname="Tribler.Test.GUI.test_gui.TriblerGUITest" name="test_manage_playlist" time="0.000"><skipped type="unittest.case.SkipTest" message="Not testing the GUI by default"><![CDATA[SkipTest: Not testing the GUI by default
]]></skipped></testcase><testcase classname="Tribler.Test.GUI.test_gui.TriblerGUITest" name="test_search" time="0.000"><skipped type="unittest.case.SkipTest" message="Not testing the GUI by default"><![CDATA[SkipTest: Not testing the GUI by default
]]></skipped></testcase><testcase classname="Tribler.Test.GUI.test_gui.TriblerGUITest" name="test_search_suggestions" time="0.000"><skipped type="unittest.case.SkipTest" message="Not testing the GUI by default"><![CDATA[SkipTest: Not testing the GUI by default
]]></skipped></testcase><testcase classname="Tribler.Test.GUI.test_gui.TriblerGUITest" name="test_settings" time="0.000"><skipped type="unittest.case.SkipTest" message="Not testing the GUI by default"><![CDATA[SkipTest: Not testing the GUI by default
]]></skipped></testcase><testcase classname="Tribler.Test.GUI.test_gui.TriblerGUITest" name="test_start_download" time="0.000"><skipped type="unittest.case.SkipTest" message="Not testing the GUI by default"><![CDATA[SkipTest: Not testing the GUI by default
]]></skipped></testcase><testcase classname="Tribler.Test.GUI.test_gui.TriblerGUITest" name="test_subscriptions" time="0.000"><skipped type="unittest.case.SkipTest" message="Not testing the GUI by default"><![CDATA[SkipTest: Not testing the GUI by default
]]></skipped></testcase><testcase classname="Tribler.Test.GUI.test_gui.TriblerGUITest" name="test_video_player_page" time="0.000"><skipped type="unittest.case.SkipTest" message="Not testing the GUI by default"><![CDATA[SkipTest: Not testing the GUI by default
]]></skipped></testcase><testcase classname="Tribler.Test.test_magnetlink.TestMagnetFakePeer" name="test_good_transfer" time="0.000"><skipped type="unittest.case.SkipTest" message="not working, seems to return binary data"><![CDATA[SkipTest: not working, seems to return binary data
]]></skipped></testcase><testcase classname="Tribler.Test.test_magnetlink.TestMetadataFakePeer" name="test_bad_request" time="5.822"></testcase><testcase classname="Tribler.Test.test_magnetlink.TestMetadataFakePeer" name="test_good_flood" time="12.500"></testcase><testcase classname="Tribler.Test.test_magnetlink.TestMetadataFakePeer" name="test_good_request" time="5.515"></testcase><testcase classname="Tribler.Test.test_remote_torrent_handler.TestRemoteTorrentHandler" name="test_metadata_download" time="1.215"></testcase><testcase classname="Tribler.Test.test_remote_torrent_handler.TestRemoteTorrentHandler" name="test_torrent_download" time="0.809"></testcase><testcase classname="Tribler.Test.test_torrent.TestTorrent" name="test_create_torrent" time="0.468"></testcase><testcase classname="Tribler.Test.test_torrent_checking.TestTorrentChecking" name="test_torrent_checking" time="31.291"></testcase><testcase classname="Tribler.Test.test_torrent_checking.TestTorrentChecking" name="test_udp_torrent_checking" time="31.300"></testcase></testsuite>